# JRE version: Java(TM) SE Runtime Environment (8.0_74-b02) (build 1.8.0_74-b02)
# Java VM: Java HotSpot(TM) 64-Bit Server VM (25.74-b02 mixed mode linux-amd64 compressed oops)
Heap:
 PSYoungGen      total 452096K, used 125122K [0x000000076cd80000, 0x000000078a280000, 0x00000007c0000000)
  eden space 440320K, 25% used [0x000000076cd80000,0x0000000773c8f9b8,0x0000000787b80000)
  from space 11776K, 96% used [0x0000000789700000,0x000000078a2211b8,0x000000078a280000)
  to   space 19968K, 0% used [0x0000000787b80000,0x0000000787b80000,0x0000000788f00000)
 ParOldGen       total 200704K, used 26221K [0x00000006c6800000, 0x00000006d2c00000, 0x000000076cd80000)
  object space 200704K, 13% used [0x00000006c6800000,0x00000006c819b478,0x00000006d2c00000)
 Metaspace       used 50915K, capacity 51553K, committed 51840K, reserved 1093632K
  class space    used 6825K, capacity 6937K, committed 7040K, reserved 1048576K
GC Heap History (10 events):
Event: 6,103 GC heap before
{Heap before GC invocations=6 (full 1):
 PSYoungGen      total 268288K, used 258048K [0x000000076cd80000, 0x000000077dd80000, 0x00000007c0000000)
  eden space 258048K, 100% used [0x000000076cd80000,0x000000077c980000,0x000000077c980000)
  from space 10240K, 0% used [0x000000077d380000,0x000000077d380000,0x000000077dd80000)
  to   space 10240K, 0% used [0x000000077c980000,0x000000077c980000,0x000000077d380000)
 ParOldGen       total 131072K, used 17337K [0x00000006c6800000, 0x00000006ce800000, 0x000000076cd80000)
  object space 131072K, 13% used [0x00000006c6800000,0x00000006c78ee670,0x00000006ce800000)
 Metaspace       used 28612K, capacity 28979K, committed 29312K, reserved 1075200K
  class space    used 3986K, capacity 4105K, committed 4224K, reserved 1048576K
Event: 6,129 GC heap after
Heap after GC invocations=6 (full 1):
 PSYoungGen      total 268288K, used 10225K [0x000000076cd80000, 0x0000000784900000, 0x00000007c0000000)
  eden space 258048K, 0% used [0x000000076cd80000,0x000000076cd80000,0x000000077c980000)
  from space 10240K, 99% used [0x000000077c980000,0x000000077d37c5d0,0x000000077d380000)
  to   space 20992K, 0% used [0x0000000783480000,0x0000000783480000,0x0000000784900000)
 ParOldGen       total 131072K, used 17483K [0x00000006c6800000, 0x00000006ce800000, 0x000000076cd80000)
  object space 131072K, 13% used [0x00000006c6800000,0x00000006c7912e50,0x00000006ce800000)
 Metaspace       used 28612K, capacity 28979K, committed 29312K, reserved 1075200K
  class space    used 3986K, capacity 4105K, committed 4224K, reserved 1048576K
}
Event: 14,284 GC heap before
{Heap before GC invocations=7 (full 1):
 PSYoungGen      total 268288K, used 191362K [0x000000076cd80000, 0x0000000784900000, 0x00000007c0000000)
  eden space 258048K, 70% used [0x000000076cd80000,0x0000000777e64458,0x000000077c980000)
  from space 10240K, 99% used [0x000000077c980000,0x000000077d37c5d0,0x000000077d380000)
  to   space 20992K, 0% used [0x0000000783480000,0x0000000783480000,0x0000000784900000)
 ParOldGen       total 131072K, used 17483K [0x00000006c6800000, 0x00000006ce800000, 0x000000076cd80000)
  object space 131072K, 13% used [0x00000006c6800000,0x00000006c7912e50,0x00000006ce800000)
 Metaspace       used 34862K, capacity 35173K, committed 35456K, reserved 1079296K
  class space    used 4831K, capacity 4972K, committed 4992K, reserved 1048576K
Event: 14,299 GC heap after
Heap after GC invocations=7 (full 1):
 PSYoungGen      total 344576K, used 13148K [0x000000076cd80000, 0x0000000784180000, 0x00000007c0000000)
  eden space 331264K, 0% used [0x000000076cd80000,0x000000076cd80000,0x0000000781100000)
  from space 13312K, 98% used [0x0000000783480000,0x0000000784157380,0x0000000784180000)
  to   space 19968K, 0% used [0x0000000781a80000,0x0000000781a80000,0x0000000782e00000)
 ParOldGen       total 131072K, used 17491K [0x00000006c6800000, 0x00000006ce800000, 0x000000076cd80000)
  object space 131072K, 13% used [0x00000006c6800000,0x00000006c7914e50,0x00000006ce800000)
 Metaspace       used 34862K, capacity 35173K, committed 35456K, reserved 1079296K
  class space    used 4831K, capacity 4972K, committed 4992K, reserved 1048576K
}
Event: 14,299 GC heap before
{Heap before GC invocations=8 (full 2):
 PSYoungGen      total 344576K, used 13148K [0x000000076cd80000, 0x0000000784180000, 0x00000007c0000000)
  eden space 331264K, 0% used [0x000000076cd80000,0x000000076cd80000,0x0000000781100000)
  from space 13312K, 98% used [0x0000000783480000,0x0000000784157380,0x0000000784180000)
  to   space 19968K, 0% used [0x0000000781a80000,0x0000000781a80000,0x0000000782e00000)
 ParOldGen       total 131072K, used 17491K [0x00000006c6800000, 0x00000006ce800000, 0x000000076cd80000)
  object space 131072K, 13% used [0x00000006c6800000,0x00000006c7914e50,0x00000006ce800000)
 Metaspace       used 34862K, capacity 35173K, committed 35456K, reserved 1079296K
  class space    used 4831K, capacity 4972K, committed 4992K, reserved 1048576K
Event: 14,389 GC heap after
Heap after GC invocations=8 (full 2):
 PSYoungGen      total 344576K, used 0K [0x000000076cd80000, 0x0000000784180000, 0x00000007c0000000)
  eden space 331264K, 0% used [0x000000076cd80000,0x000000076cd80000,0x0000000781100000)
  from space 13312K, 0% used [0x0000000783480000,0x0000000783480000,0x0000000784180000)
  to   space 19968K, 0% used [0x0000000781a80000,0x0000000781a80000,0x0000000782e00000)
 ParOldGen       total 200704K, used 26205K [0x00000006c6800000, 0x00000006d2c00000, 0x000000076cd80000)
  object space 200704K, 13% used [0x00000006c6800000,0x00000006c8197478,0x00000006d2c00000)
 Metaspace       used 34862K, capacity 35173K, committed 35456K, reserved 1079296K
  class space    used 4831K, capacity 4972K, committed 4992K, reserved 1048576K
}
Event: 32,901 GC heap before
{Heap before GC invocations=9 (full 2):
 PSYoungGen      total 344576K, used 331264K [0x000000076cd80000, 0x0000000784180000, 0x00000007c0000000)
  eden space 331264K, 100% used [0x000000076cd80000,0x0000000781100000,0x0000000781100000)
  from space 13312K, 0% used [0x0000000783480000,0x0000000783480000,0x0000000784180000)
  to   space 19968K, 0% used [0x0000000781a80000,0x0000000781a80000,0x0000000782e00000)
 ParOldGen       total 200704K, used 26205K [0x00000006c6800000, 0x00000006d2c00000, 0x000000076cd80000)
  object space 200704K, 13% used [0x00000006c6800000,0x00000006c8197478,0x00000006d2c00000)
 Metaspace       used 47413K, capacity 47797K, committed 48128K, reserved 1091584K
  class space    used 6470K, capacity 6573K, committed 6656K, reserved 1048576K
Event: 32,914 GC heap after
Heap after GC invocations=9 (full 2):
 PSYoungGen      total 360960K, used 15544K [0x000000076cd80000, 0x000000078aa80000, 0x00000007c0000000)
  eden space 340992K, 0% used [0x000000076cd80000,0x000000076cd80000,0x0000000781a80000)
  from space 19968K, 77% used [0x0000000781a80000,0x00000007829ae3c0,0x0000000782e00000)
  to   space 19968K, 0% used [0x0000000789700000,0x0000000789700000,0x000000078aa80000)
 ParOldGen       total 200704K, used 26213K [0x00000006c6800000, 0x00000006d2c00000, 0x000000076cd80000)
  object space 200704K, 13% used [0x00000006c6800000,0x00000006c8199478,0x00000006d2c00000)
 Metaspace       used 47413K, capacity 47797K, committed 48128K, reserved 1091584K
  class space    used 6470K, capacity 6573K, committed 6656K, reserved 1048576K
}
Event: 852,841 GC heap before
{Heap before GC invocations=10 (full 2):
 PSYoungGen      total 360960K, used 356536K [0x000000076cd80000, 0x000000078aa80000, 0x00000007c0000000)
  eden space 340992K, 100% used [0x000000076cd80000,0x0000000781a80000,0x0000000781a80000)
  from space 19968K, 77% used [0x0000000781a80000,0x00000007829ae3c0,0x0000000782e00000)
  to   space 19968K, 0% used [0x0000000789700000,0x0000000789700000,0x000000078aa80000)
 ParOldGen       total 200704K, used 26213K [0x00000006c6800000, 0x00000006d2c00000, 0x000000076cd80000)
  object space 200704K, 13% used [0x00000006c6800000,0x00000006c8199478,0x00000006d2c00000)
 Metaspace       used 50654K, capacity 51263K, committed 51584K, reserved 1093632K
  class space    used 6822K, capacity 6933K, committed 7040K, reserved 1048576K
Event: 852,860 GC heap after
Heap after GC invocations=10 (full 2):
 PSYoungGen      total 452096K, used 11396K [0x000000076cd80000, 0x000000078a280000, 0x00000007c0000000)
  eden space 440320K, 0% used [0x000000076cd80000,0x000000076cd80000,0x0000000787b80000)
  from space 11776K, 96% used [0x0000000789700000,0x000000078a2211b8,0x000000078a280000)
  to   space 19968K, 0% used [0x0000000787b80000,0x0000000787b80000,0x0000000788f00000)
 ParOldGen       total 200704K, used 26221K [0x00000006c6800000, 0x00000006d2c00000, 0x000000076cd80000)
  object space 200704K, 13% used [0x00000006c6800000,0x00000006c819b478,0x00000006d2c00000)
 Metaspace       used 50654K, capacity 51263K, committed 51584K, reserved 1093632K
  class space    used 6822K, capacity 6933K, committed 7040K, reserved 1048576K
}

