# JRE version: Java(TM) SE Runtime Environment (8.0_74-b02) (build 1.8.0_74-b02)
# Java VM: Java HotSpot(TM) 64-Bit Server VM (25.74-b02 mixed mode linux-amd64 compressed oops)
Heap:
 PSYoungGen      total 473600K, used 57212K [0x000000076cd80000, 0x000000078b880000, 0x00000007c0000000)
  eden space 459776K, 9% used [0x000000076cd80000,0x000000076f833f20,0x0000000788e80000)
  from space 13824K, 97% used [0x000000078ab00000,0x000000078b82b4a8,0x000000078b880000)
  to   space 19456K, 0% used [0x0000000789280000,0x0000000789280000,0x000000078a580000)
 ParOldGen       total 194560K, used 26075K [0x00000006c6800000, 0x00000006d2600000, 0x000000076cd80000)
  object space 194560K, 13% used [0x00000006c6800000,0x00000006c8176f68,0x00000006d2600000)
 Metaspace       used 50670K, capacity 51285K, committed 51712K, reserved 1093632K
  class space    used 6792K, capacity 6870K, committed 6912K, reserved 1048576K
GC Heap History (10 events):
Event: 6,311 GC heap before
{Heap before GC invocations=6 (full 1):
 PSYoungGen      total 268288K, used 258048K [0x000000076cd80000, 0x000000077dd80000, 0x00000007c0000000)
  eden space 258048K, 100% used [0x000000076cd80000,0x000000077c980000,0x000000077c980000)
  from space 10240K, 0% used [0x000000077d380000,0x000000077d380000,0x000000077dd80000)
  to   space 10240K, 0% used [0x000000077c980000,0x000000077c980000,0x000000077d380000)
 ParOldGen       total 128512K, used 17296K [0x00000006c6800000, 0x00000006ce580000, 0x000000076cd80000)
  object space 128512K, 13% used [0x00000006c6800000,0x00000006c78e4390,0x00000006ce580000)
 Metaspace       used 28330K, capacity 28643K, committed 29184K, reserved 1075200K
  class space    used 3924K, capacity 4009K, committed 4096K, reserved 1048576K
Event: 6,341 GC heap after
Heap after GC invocations=6 (full 1):
 PSYoungGen      total 268288K, used 10218K [0x000000076cd80000, 0x0000000785180000, 0x00000007c0000000)
  eden space 258048K, 0% used [0x000000076cd80000,0x000000076cd80000,0x000000077c980000)
  from space 10240K, 99% used [0x000000077c980000,0x000000077d37a828,0x000000077d380000)
  to   space 20480K, 0% used [0x0000000783d80000,0x0000000783d80000,0x0000000785180000)
 ParOldGen       total 128512K, used 17326K [0x00000006c6800000, 0x00000006ce580000, 0x000000076cd80000)
  object space 128512K, 13% used [0x00000006c6800000,0x00000006c78ebbe0,0x00000006ce580000)
 Metaspace       used 28330K, capacity 28643K, committed 29184K, reserved 1075200K
  class space    used 3924K, capacity 4009K, committed 4096K, reserved 1048576K
}
Event: 12,437 GC heap before
{Heap before GC invocations=7 (full 1):
 PSYoungGen      total 268288K, used 184670K [0x000000076cd80000, 0x0000000785180000, 0x00000007c0000000)
  eden space 258048K, 67% used [0x000000076cd80000,0x00000007777dd018,0x000000077c980000)
  from space 10240K, 99% used [0x000000077c980000,0x000000077d37a828,0x000000077d380000)
  to   space 20480K, 0% used [0x0000000783d80000,0x0000000783d80000,0x0000000785180000)
 ParOldGen       total 128512K, used 17326K [0x00000006c6800000, 0x00000006ce580000, 0x000000076cd80000)
  object space 128512K, 13% used [0x00000006c6800000,0x00000006c78ebbe0,0x00000006ce580000)
 Metaspace       used 34743K, capacity 35029K, committed 35456K, reserved 1079296K
  class space    used 4783K, capacity 4876K, committed 4992K, reserved 1048576K
Event: 12,448 GC heap after
Heap after GC invocations=7 (full 1):
 PSYoungGen      total 353792K, used 13261K [0x000000076cd80000, 0x0000000784a80000, 0x00000007c0000000)
  eden space 340480K, 0% used [0x000000076cd80000,0x000000076cd80000,0x0000000781a00000)
  from space 13312K, 99% used [0x0000000783d80000,0x0000000784a73438,0x0000000784a80000)
  to   space 19968K, 0% used [0x0000000782380000,0x0000000782380000,0x0000000783700000)
 ParOldGen       total 128512K, used 17334K [0x00000006c6800000, 0x00000006ce580000, 0x000000076cd80000)
  object space 128512K, 13% used [0x00000006c6800000,0x00000006c78edbe0,0x00000006ce580000)
 Metaspace       used 34743K, capacity 35029K, committed 35456K, reserved 1079296K
  class space    used 4783K, capacity 4876K, committed 4992K, reserved 1048576K
}
Event: 12,448 GC heap before
{Heap before GC invocations=8 (full 2):
 PSYoungGen      total 353792K, used 13261K [0x000000076cd80000, 0x0000000784a80000, 0x00000007c0000000)
  eden space 340480K, 0% used [0x000000076cd80000,0x000000076cd80000,0x0000000781a00000)
  from space 13312K, 99% used [0x0000000783d80000,0x0000000784a73438,0x0000000784a80000)
  to   space 19968K, 0% used [0x0000000782380000,0x0000000782380000,0x0000000783700000)
 ParOldGen       total 128512K, used 17334K [0x00000006c6800000, 0x00000006ce580000, 0x000000076cd80000)
  object space 128512K, 13% used [0x00000006c6800000,0x00000006c78edbe0,0x00000006ce580000)
 Metaspace       used 34743K, capacity 35029K, committed 35456K, reserved 1079296K
  class space    used 4783K, capacity 4876K, committed 4992K, reserved 1048576K
Event: 12,543 GC heap after
Heap after GC invocations=8 (full 2):
 PSYoungGen      total 353792K, used 0K [0x000000076cd80000, 0x0000000784a80000, 0x00000007c0000000)
  eden space 340480K, 0% used [0x000000076cd80000,0x000000076cd80000,0x0000000781a00000)
  from space 13312K, 0% used [0x0000000783d80000,0x0000000783d80000,0x0000000784a80000)
  to   space 19968K, 0% used [0x0000000782380000,0x0000000782380000,0x0000000783700000)
 ParOldGen       total 194560K, used 26059K [0x00000006c6800000, 0x00000006d2600000, 0x000000076cd80000)
  object space 194560K, 13% used [0x00000006c6800000,0x00000006c8172f68,0x00000006d2600000)
 Metaspace       used 34743K, capacity 35029K, committed 35456K, reserved 1079296K
  class space    used 4783K, capacity 4876K, committed 4992K, reserved 1048576K
}
Event: 24,155 GC heap before
{Heap before GC invocations=9 (full 2):
 PSYoungGen      total 353792K, used 340480K [0x000000076cd80000, 0x0000000784a80000, 0x00000007c0000000)
  eden space 340480K, 100% used [0x000000076cd80000,0x0000000781a00000,0x0000000781a00000)
  from space 13312K, 0% used [0x0000000783d80000,0x0000000783d80000,0x0000000784a80000)
  to   space 19968K, 0% used [0x0000000782380000,0x0000000782380000,0x0000000783700000)
 ParOldGen       total 194560K, used 26059K [0x00000006c6800000, 0x00000006d2600000, 0x000000076cd80000)
  object space 194560K, 13% used [0x00000006c6800000,0x00000006c8172f68,0x00000006d2600000)
 Metaspace       used 47123K, capacity 47525K, committed 48000K, reserved 1091584K
  class space    used 6415K, capacity 6477K, committed 6528K, reserved 1048576K
Event: 24,168 GC heap after
Heap after GC invocations=9 (full 2):
 PSYoungGen      total 370176K, used 15408K [0x000000076cd80000, 0x000000078be80000, 0x00000007c0000000)
  eden space 350208K, 0% used [0x000000076cd80000,0x000000076cd80000,0x0000000782380000)
  from space 19968K, 77% used [0x0000000782380000,0x000000078328c100,0x0000000783700000)
  to   space 19968K, 0% used [0x000000078ab00000,0x000000078ab00000,0x000000078be80000)
 ParOldGen       total 194560K, used 26067K [0x00000006c6800000, 0x00000006d2600000, 0x000000076cd80000)
  object space 194560K, 13% used [0x00000006c6800000,0x00000006c8174f68,0x00000006d2600000)
 Metaspace       used 47123K, capacity 47525K, committed 48000K, reserved 1091584K
  class space    used 6415K, capacity 6477K, committed 6528K, reserved 1048576K
}
Event: 127,851 GC heap before
{Heap before GC invocations=10 (full 2):
 PSYoungGen      total 370176K, used 365616K [0x000000076cd80000, 0x000000078be80000, 0x00000007c0000000)
  eden space 350208K, 100% used [0x000000076cd80000,0x0000000782380000,0x0000000782380000)
  from space 19968K, 77% used [0x0000000782380000,0x000000078328c100,0x0000000783700000)
  to   space 19968K, 0% used [0x000000078ab00000,0x000000078ab00000,0x000000078be80000)
 ParOldGen       total 194560K, used 26067K [0x00000006c6800000, 0x00000006d2600000, 0x000000076cd80000)
  object space 194560K, 13% used [0x00000006c6800000,0x00000006c8174f68,0x00000006d2600000)
 Metaspace       used 50209K, capacity 50779K, committed 51200K, reserved 1093632K
  class space    used 6745K, capacity 6833K, committed 6912K, reserved 1048576K
Event: 127,865 GC heap after
Heap after GC invocations=10 (full 2):
 PSYoungGen      total 473600K, used 13485K [0x000000076cd80000, 0x000000078b880000, 0x00000007c0000000)
  eden space 459776K, 0% used [0x000000076cd80000,0x000000076cd80000,0x0000000788e80000)
  from space 13824K, 97% used [0x000000078ab00000,0x000000078b82b4a8,0x000000078b880000)
  to   space 19456K, 0% used [0x0000000789280000,0x0000000789280000,0x000000078a580000)
 ParOldGen       total 194560K, used 26075K [0x00000006c6800000, 0x00000006d2600000, 0x000000076cd80000)
  object space 194560K, 13% used [0x00000006c6800000,0x00000006c8176f68,0x00000006d2600000)
 Metaspace       used 50209K, capacity 50779K, committed 51200K, reserved 1093632K
  class space    used 6745K, capacity 6833K, committed 6912K, reserved 1048576K
}

