# JRE version: Java(TM) SE Runtime Environment (8.0_74-b02) (build 1.8.0_74-b02)
# Java VM: Java HotSpot(TM) 64-Bit Server VM (25.74-b02 mixed mode linux-amd64 compressed oops)
Heap:
 PSYoungGen      total 821760K, used 337132K [0x000000076cd80000, 0x00000007b0d80000, 0x00000007c0000000)
  eden space 799232K, 40% used [0x000000076cd80000,0x0000000780606580,0x000000079da00000)
  from space 22528K, 75% used [0x000000079da00000,0x000000079eab4b78,0x000000079f000000)
  to   space 22528K, 0% used [0x00000007af780000,0x00000007af780000,0x00000007b0d80000)
 ParOldGen       total 179712K, used 35709K [0x00000006c6800000, 0x00000006d1780000, 0x000000076cd80000)
  object space 179712K, 19% used [0x00000006c6800000,0x00000006c8adf7e8,0x00000006d1780000)
 Metaspace       used 68455K, capacity 70045K, committed 70144K, reserved 1110016K
  class space    used 9091K, capacity 9399K, committed 9472K, reserved 1048576K
GC Heap History (10 events):
Event: 558,041 GC heap before
{Heap before GC invocations=10 (full 2):
 PSYoungGen      total 603648K, used 11235K [0x000000076cd80000, 0x0000000795c80000, 0x00000007c0000000)
  eden space 582144K, 0% used [0x000000076cd80000,0x000000076cd80000,0x0000000790600000)
  from space 21504K, 52% used [0x0000000791a80000,0x0000000792578fe0,0x0000000792f80000)
  to   space 20992K, 0% used [0x0000000790600000,0x0000000790600000,0x0000000791a80000)
 ParOldGen       total 114176K, used 17453K [0x00000006c6800000, 0x00000006cd780000, 0x000000076cd80000)
  object space 114176K, 15% used [0x00000006c6800000,0x00000006c790b750,0x00000006cd780000)
 Metaspace       used 34570K, capacity 35349K, committed 35456K, reserved 1079296K
  class space    used 4689K, capacity 4908K, committed 4992K, reserved 1048576K
Event: 558,209 GC heap after
Heap after GC invocations=10 (full 2):
 PSYoungGen      total 603648K, used 0K [0x000000076cd80000, 0x0000000795c80000, 0x00000007c0000000)
  eden space 582144K, 0% used [0x000000076cd80000,0x000000076cd80000,0x0000000790600000)
  from space 21504K, 0% used [0x0000000791a80000,0x0000000791a80000,0x0000000792f80000)
  to   space 20992K, 0% used [0x0000000790600000,0x0000000790600000,0x0000000791a80000)
 ParOldGen       total 145920K, used 24043K [0x00000006c6800000, 0x00000006cf680000, 0x000000076cd80000)
  object space 145920K, 16% used [0x00000006c6800000,0x00000006c7f7af10,0x00000006cf680000)
 Metaspace       used 34570K, capacity 35349K, committed 35456K, reserved 1079296K
  class space    used 4689K, capacity 4908K, committed 4992K, reserved 1048576K
}
Event: 1330,197 GC heap before
{Heap before GC invocations=11 (full 2):
 PSYoungGen      total 603648K, used 582144K [0x000000076cd80000, 0x0000000795c80000, 0x00000007c0000000)
  eden space 582144K, 100% used [0x000000076cd80000,0x0000000790600000,0x0000000790600000)
  from space 21504K, 0% used [0x0000000791a80000,0x0000000791a80000,0x0000000792f80000)
  to   space 20992K, 0% used [0x0000000790600000,0x0000000790600000,0x0000000791a80000)
 ParOldGen       total 145920K, used 24043K [0x00000006c6800000, 0x00000006cf680000, 0x000000076cd80000)
  object space 145920K, 16% used [0x00000006c6800000,0x00000006c7f7af10,0x00000006cf680000)
 Metaspace       used 51758K, capacity 52601K, committed 52736K, reserved 1095680K
  class space    used 6920K, capacity 7088K, committed 7168K, reserved 1048576K
Event: 1330,217 GC heap after
Heap after GC invocations=11 (full 2):
 PSYoungGen      total 603136K, used 20847K [0x000000076cd80000, 0x00000007a0f00000, 0x00000007c0000000)
  eden space 582144K, 0% used [0x000000076cd80000,0x000000076cd80000,0x0000000790600000)
  from space 20992K, 99% used [0x0000000790600000,0x0000000791a5be58,0x0000000791a80000)
  to   space 23040K, 0% used [0x000000079f880000,0x000000079f880000,0x00000007a0f00000)
 ParOldGen       total 145920K, used 24051K [0x00000006c6800000, 0x00000006cf680000, 0x000000076cd80000)
  object space 145920K, 16% used [0x00000006c6800000,0x00000006c7f7cf10,0x00000006cf680000)
 Metaspace       used 51758K, capacity 52601K, committed 52736K, reserved 1095680K
  class space    used 6920K, capacity 7088K, committed 7168K, reserved 1048576K
}
Event: 1364,940 GC heap before
{Heap before GC invocations=12 (full 2):
 PSYoungGen      total 603136K, used 354171K [0x000000076cd80000, 0x00000007a0f00000, 0x00000007c0000000)
  eden space 582144K, 57% used [0x000000076cd80000,0x0000000781302df8,0x0000000790600000)
  from space 20992K, 99% used [0x0000000790600000,0x0000000791a5be58,0x0000000791a80000)
  to   space 23040K, 0% used [0x000000079f880000,0x000000079f880000,0x00000007a0f00000)
 ParOldGen       total 145920K, used 24051K [0x00000006c6800000, 0x00000006cf680000, 0x000000076cd80000)
  object space 145920K, 16% used [0x00000006c6800000,0x00000006c7f7cf10,0x00000006cf680000)
 Metaspace       used 57826K, capacity 58933K, committed 59096K, reserved 1099776K
  class space    used 7750K, capacity 7990K, committed 8064K, reserved 1048576K
Event: 1364,999 GC heap after
Heap after GC invocations=12 (full 2):
 PSYoungGen      total 798720K, used 13597K [0x000000076cd80000, 0x00000007a0600000, 0x00000007c0000000)
  eden space 784896K, 0% used [0x000000076cd80000,0x000000076cd80000,0x000000079cc00000)
  from space 13824K, 98% used [0x000000079f880000,0x00000007a05c7430,0x00000007a0600000)
  to   space 22528K, 0% used [0x000000079da00000,0x000000079da00000,0x000000079f000000)
 ParOldGen       total 145920K, used 24059K [0x00000006c6800000, 0x00000006cf680000, 0x000000076cd80000)
  object space 145920K, 16% used [0x00000006c6800000,0x00000006c7f7ef10,0x00000006cf680000)
 Metaspace       used 57826K, capacity 58933K, committed 59096K, reserved 1099776K
  class space    used 7750K, capacity 7990K, committed 8064K, reserved 1048576K
}
Event: 1364,999 GC heap before
{Heap before GC invocations=13 (full 3):
 PSYoungGen      total 798720K, used 13597K [0x000000076cd80000, 0x00000007a0600000, 0x00000007c0000000)
  eden space 784896K, 0% used [0x000000076cd80000,0x000000076cd80000,0x000000079cc00000)
  from space 13824K, 98% used [0x000000079f880000,0x00000007a05c7430,0x00000007a0600000)
  to   space 22528K, 0% used [0x000000079da00000,0x000000079da00000,0x000000079f000000)
 ParOldGen       total 145920K, used 24059K [0x00000006c6800000, 0x00000006cf680000, 0x000000076cd80000)
  object space 145920K, 16% used [0x00000006c6800000,0x00000006c7f7ef10,0x00000006cf680000)
 Metaspace       used 57826K, capacity 58933K, committed 59096K, reserved 1099776K
  class space    used 7750K, capacity 7990K, committed 8064K, reserved 1048576K
Event: 1365,525 GC heap after
Heap after GC invocations=13 (full 3):
 PSYoungGen      total 798720K, used 0K [0x000000076cd80000, 0x00000007a0600000, 0x00000007c0000000)
  eden space 784896K, 0% used [0x000000076cd80000,0x000000076cd80000,0x000000079cc00000)
  from space 13824K, 0% used [0x000000079f880000,0x000000079f880000,0x00000007a0600000)
  to   space 22528K, 0% used [0x000000079da00000,0x000000079da00000,0x000000079f000000)
 ParOldGen       total 179712K, used 35701K [0x00000006c6800000, 0x00000006d1780000, 0x000000076cd80000)
  object space 179712K, 19% used [0x00000006c6800000,0x00000006c8add7e8,0x00000006d1780000)
 Metaspace       used 57826K, capacity 58933K, committed 59096K, reserved 1099776K
  class space    used 7750K, capacity 7990K, committed 8064K, reserved 1048576K
}
Event: 9182,646 GC heap before
{Heap before GC invocations=14 (full 3):
 PSYoungGen      total 798720K, used 784896K [0x000000076cd80000, 0x00000007a0600000, 0x00000007c0000000)
  eden space 784896K, 100% used [0x000000076cd80000,0x000000079cc00000,0x000000079cc00000)
  from space 13824K, 0% used [0x000000079f880000,0x000000079f880000,0x00000007a0600000)
  to   space 22528K, 0% used [0x000000079da00000,0x000000079da00000,0x000000079f000000)
 ParOldGen       total 179712K, used 35701K [0x00000006c6800000, 0x00000006d1780000, 0x000000076cd80000)
  object space 179712K, 19% used [0x00000006c6800000,0x00000006c8add7e8,0x00000006d1780000)
 Metaspace       used 67819K, capacity 69177K, committed 69248K, reserved 1110016K
  class space    used 9029K, capacity 9310K, committed 9344K, reserved 1048576K
Event: 9182,735 GC heap after
Heap after GC invocations=14 (full 3):
 PSYoungGen      total 821760K, used 17106K [0x000000076cd80000, 0x00000007b0d80000, 0x00000007c0000000)
  eden space 799232K, 0% used [0x000000076cd80000,0x000000076cd80000,0x000000079da00000)
  from space 22528K, 75% used [0x000000079da00000,0x000000079eab4b78,0x000000079f000000)
  to   space 22528K, 0% used [0x00000007af780000,0x00000007af780000,0x00000007b0d80000)
 ParOldGen       total 179712K, used 35709K [0x00000006c6800000, 0x00000006d1780000, 0x000000076cd80000)
  object space 179712K, 19% used [0x00000006c6800000,0x00000006c8adf7e8,0x00000006d1780000)
 Metaspace       used 67819K, capacity 69177K, committed 69248K, reserved 1110016K
  class space    used 9029K, capacity 9310K, committed 9344K, reserved 1048576K
}

