# JRE version: Java(TM) SE Runtime Environment (8.0_74-b02) (build 1.8.0_74-b02)
# Java VM: Java HotSpot(TM) 64-Bit Server VM (25.74-b02 mixed mode linux-amd64 compressed oops)
Heap:
 PSYoungGen      total 903168K, used 594241K [0x000000076cd80000, 0x00000007b0780000, 0x00000007c0000000)
  eden space 880640K, 67% used [0x000000076cd80000,0x00000007911d0738,0x00000007a2980000)
  from space 22528K, 0% used [0x00000007a3f80000,0x00000007a3f80000,0x00000007a5580000)
  to   space 22528K, 0% used [0x00000007a2980000,0x00000007a2980000,0x00000007a3f80000)
 ParOldGen       total 172032K, used 28557K [0x00000006c6800000, 0x00000006d1000000, 0x000000076cd80000)
  object space 172032K, 16% used [0x00000006c6800000,0x00000006c83e3400,0x00000006d1000000)
 Metaspace       used 58998K, capacity 60611K, committed 60888K, reserved 1101824K
  class space    used 7754K, capacity 8018K, committed 8064K, reserved 1048576K
GC Heap History (10 events):
Event: 1248,690 GC heap before
{Heap before GC invocations=11 (full 2):
 PSYoungGen      total 598528K, used 597944K [0x000000076cd80000, 0x0000000796480000, 0x00000007c0000000)
  eden space 579072K, 100% used [0x000000076cd80000,0x0000000790300000,0x0000000790300000)
  from space 19456K, 97% used [0x0000000791800000,0x0000000792a6e228,0x0000000792b00000)
  to   space 21504K, 0% used [0x0000000790300000,0x0000000790300000,0x0000000791800000)
 ParOldGen       total 155648K, used 26273K [0x00000006c6800000, 0x00000006d0000000, 0x000000076cd80000)
  object space 155648K, 16% used [0x00000006c6800000,0x00000006c81a8480,0x00000006d0000000)
 Metaspace       used 53148K, capacity 54209K, committed 54400K, reserved 1095680K
  class space    used 7053K, capacity 7256K, committed 7296K, reserved 1048576K
Event: 1248,714 GC heap after
Heap after GC invocations=11 (full 2):
 PSYoungGen      total 600576K, used 15702K [0x000000076cd80000, 0x000000079d400000, 0x00000007c0000000)
  eden space 579072K, 0% used [0x000000076cd80000,0x000000076cd80000,0x0000000790300000)
  from space 21504K, 73% used [0x0000000790300000,0x0000000791255858,0x0000000791800000)
  to   space 20992K, 0% used [0x000000079bf80000,0x000000079bf80000,0x000000079d400000)
 ParOldGen       total 155648K, used 26281K [0x00000006c6800000, 0x00000006d0000000, 0x000000076cd80000)
  object space 155648K, 16% used [0x00000006c6800000,0x00000006c81aa480,0x00000006d0000000)
 Metaspace       used 53148K, capacity 54209K, committed 54400K, reserved 1095680K
  class space    used 7053K, capacity 7256K, committed 7296K, reserved 1048576K
}
Event: 8030,362 GC heap before
{Heap before GC invocations=12 (full 2):
 PSYoungGen      total 600576K, used 594774K [0x000000076cd80000, 0x000000079d400000, 0x00000007c0000000)
  eden space 579072K, 100% used [0x000000076cd80000,0x0000000790300000,0x0000000790300000)
  from space 21504K, 73% used [0x0000000790300000,0x0000000791255858,0x0000000791800000)
  to   space 20992K, 0% used [0x000000079bf80000,0x000000079bf80000,0x000000079d400000)
 ParOldGen       total 155648K, used 26281K [0x00000006c6800000, 0x00000006d0000000, 0x000000076cd80000)
  object space 155648K, 16% used [0x00000006c6800000,0x00000006c81aa480,0x00000006d0000000)
 Metaspace       used 55325K, capacity 56563K, committed 56704K, reserved 1097728K
  class space    used 7286K, capacity 7500K, committed 7552K, reserved 1048576K
Event: 8030,430 GC heap after
Heap after GC invocations=12 (full 2):
 PSYoungGen      total 742912K, used 16772K [0x000000076cd80000, 0x000000079d000000, 0x00000007c0000000)
  eden space 726016K, 0% used [0x000000076cd80000,0x000000076cd80000,0x0000000799280000)
  from space 16896K, 99% used [0x000000079bf80000,0x000000079cfe13a0,0x000000079d000000)
  to   space 21504K, 0% used [0x000000079a600000,0x000000079a600000,0x000000079bb00000)
 ParOldGen       total 155648K, used 26289K [0x00000006c6800000, 0x00000006d0000000, 0x000000076cd80000)
  object space 155648K, 16% used [0x00000006c6800000,0x00000006c81ac480,0x00000006d0000000)
 Metaspace       used 55325K, capacity 56563K, committed 56704K, reserved 1097728K
  class space    used 7286K, capacity 7500K, committed 7552K, reserved 1048576K
}
Event: 8986,686 GC heap before
{Heap before GC invocations=13 (full 2):
 PSYoungGen      total 742912K, used 742788K [0x000000076cd80000, 0x000000079d000000, 0x00000007c0000000)
  eden space 726016K, 100% used [0x000000076cd80000,0x0000000799280000,0x0000000799280000)
  from space 16896K, 99% used [0x000000079bf80000,0x000000079cfe13a0,0x000000079d000000)
  to   space 21504K, 0% used [0x000000079a600000,0x000000079a600000,0x000000079bb00000)
 ParOldGen       total 155648K, used 26289K [0x00000006c6800000, 0x00000006d0000000, 0x000000076cd80000)
  object space 155648K, 16% used [0x00000006c6800000,0x00000006c81ac480,0x00000006d0000000)
 Metaspace       used 57380K, capacity 58859K, committed 59008K, reserved 1099776K
  class space    used 7538K, capacity 7778K, committed 7808K, reserved 1048576K
Event: 8986,783 GC heap after
Heap after GC invocations=13 (full 2):
 PSYoungGen      total 767488K, used 19696K [0x000000076cd80000, 0x00000007a5580000, 0x00000007c0000000)
  eden space 745984K, 0% used [0x000000076cd80000,0x000000076cd80000,0x000000079a600000)
  from space 21504K, 91% used [0x000000079a600000,0x000000079b93c040,0x000000079bb00000)
  to   space 22528K, 0% used [0x00000007a3f80000,0x00000007a3f80000,0x00000007a5580000)
 ParOldGen       total 155648K, used 26297K [0x00000006c6800000, 0x00000006d0000000, 0x000000076cd80000)
  object space 155648K, 16% used [0x00000006c6800000,0x00000006c81ae480,0x00000006d0000000)
 Metaspace       used 57380K, capacity 58859K, committed 59008K, reserved 1099776K
  class space    used 7538K, capacity 7778K, committed 7808K, reserved 1048576K
}
Event: 8987,215 GC heap before
{Heap before GC invocations=14 (full 2):
 PSYoungGen      total 767488K, used 101242K [0x000000076cd80000, 0x00000007a5580000, 0x00000007c0000000)
  eden space 745984K, 10% used [0x000000076cd80000,0x0000000771d228a8,0x000000079a600000)
  from space 21504K, 91% used [0x000000079a600000,0x000000079b93c040,0x000000079bb00000)
  to   space 22528K, 0% used [0x00000007a3f80000,0x00000007a3f80000,0x00000007a5580000)
 ParOldGen       total 155648K, used 26297K [0x00000006c6800000, 0x00000006d0000000, 0x000000076cd80000)
  object space 155648K, 16% used [0x00000006c6800000,0x00000006c81ae480,0x00000006d0000000)
 Metaspace       used 57461K, capacity 58991K, committed 59096K, reserved 1101824K
  class space    used 7547K, capacity 7778K, committed 7808K, reserved 1048576K
Event: 8987,283 GC heap after
Heap after GC invocations=14 (full 2):
 PSYoungGen      total 903168K, used 11124K [0x000000076cd80000, 0x00000007b0780000, 0x00000007c0000000)
  eden space 880640K, 0% used [0x000000076cd80000,0x000000076cd80000,0x00000007a2980000)
  from space 22528K, 49% used [0x00000007a3f80000,0x00000007a4a5d240,0x00000007a5580000)
  to   space 22528K, 0% used [0x00000007a2980000,0x00000007a2980000,0x00000007a3f80000)
 ParOldGen       total 155648K, used 26305K [0x00000006c6800000, 0x00000006d0000000, 0x000000076cd80000)
  object space 155648K, 16% used [0x00000006c6800000,0x00000006c81b0480,0x00000006d0000000)
 Metaspace       used 57461K, capacity 58991K, committed 59096K, reserved 1101824K
  class space    used 7547K, capacity 7778K, committed 7808K, reserved 1048576K
}
Event: 8987,283 GC heap before
{Heap before GC invocations=15 (full 3):
 PSYoungGen      total 903168K, used 11124K [0x000000076cd80000, 0x00000007b0780000, 0x00000007c0000000)
  eden space 880640K, 0% used [0x000000076cd80000,0x000000076cd80000,0x00000007a2980000)
  from space 22528K, 49% used [0x00000007a3f80000,0x00000007a4a5d240,0x00000007a5580000)
  to   space 22528K, 0% used [0x00000007a2980000,0x00000007a2980000,0x00000007a3f80000)
 ParOldGen       total 155648K, used 26305K [0x00000006c6800000, 0x00000006d0000000, 0x000000076cd80000)
  object space 155648K, 16% used [0x00000006c6800000,0x00000006c81b0480,0x00000006d0000000)
 Metaspace       used 57461K, capacity 58991K, committed 59096K, reserved 1101824K
  class space    used 7547K, capacity 7778K, committed 7808K, reserved 1048576K
Event: 8987,685 GC heap after
Heap after GC invocations=15 (full 3):
 PSYoungGen      total 903168K, used 0K [0x000000076cd80000, 0x00000007b0780000, 0x00000007c0000000)
  eden space 880640K, 0% used [0x000000076cd80000,0x000000076cd80000,0x00000007a2980000)
  from space 22528K, 0% used [0x00000007a3f80000,0x00000007a3f80000,0x00000007a5580000)
  to   space 22528K, 0% used [0x00000007a2980000,0x00000007a2980000,0x00000007a3f80000)
 ParOldGen       total 172032K, used 28557K [0x00000006c6800000, 0x00000006d1000000, 0x000000076cd80000)
  object space 172032K, 16% used [0x00000006c6800000,0x00000006c83e3400,0x00000006d1000000)
 Metaspace       used 57320K, capacity 58657K, committed 59096K, reserved 1101824K
  class space    used 7525K, capacity 7748K, committed 7808K, reserved 1048576K
}

