# JRE version: Java(TM) SE Runtime Environment (8.0_74-b02) (build 1.8.0_74-b02)
# Java VM: Java HotSpot(TM) 64-Bit Server VM (25.74-b02 mixed mode linux-amd64 compressed oops)
Heap:
 PSYoungGen      total 455168K, used 29522K [0x000000076cd80000, 0x000000078cc00000, 0x00000007c0000000)
  eden space 436224K, 6% used [0x000000076cd80000,0x000000076ea54aa0,0x0000000787780000)
  from space 18944K, 0% used [0x0000000787780000,0x0000000787780000,0x0000000788a00000)
  to   space 18944K, 0% used [0x000000078b980000,0x000000078b980000,0x000000078cc00000)
 ParOldGen       total 307200K, used 29486K [0x00000006c6800000, 0x00000006d9400000, 0x000000076cd80000)
  object space 307200K, 9% used [0x00000006c6800000,0x00000006c84cbb68,0x00000006d9400000)
 Metaspace       used 58926K, capacity 60330K, committed 60632K, reserved 1101824K
  class space    used 7747K, capacity 8004K, committed 8064K, reserved 1048576K
GC Heap History (10 events):
Event: 1202,939 GC heap before
{Heap before GC invocations=12 (full 2):
 PSYoungGen      total 402432K, used 395496K [0x000000076cd80000, 0x0000000788b80000, 0x00000007c0000000)
  eden space 382976K, 100% used [0x000000076cd80000,0x0000000784380000,0x0000000784380000)
  from space 19456K, 64% used [0x0000000784380000,0x0000000784fba3f0,0x0000000785680000)
  to   space 19456K, 0% used [0x0000000787880000,0x0000000787880000,0x0000000788b80000)
 ParOldGen       total 223232K, used 25895K [0x00000006c6800000, 0x00000006d4200000, 0x000000076cd80000)
  object space 223232K, 11% used [0x00000006c6800000,0x00000006c8149ce0,0x00000006d4200000)
 Metaspace       used 53427K, capacity 54429K, committed 54784K, reserved 1097728K
  class space    used 7105K, capacity 7309K, committed 7424K, reserved 1048576K
Event: 1203,079 GC heap after
Heap after GC invocations=12 (full 2):
 PSYoungGen      total 427008K, used 13683K [0x000000076cd80000, 0x0000000788600000, 0x00000007c0000000)
  eden space 413184K, 0% used [0x000000076cd80000,0x000000076cd80000,0x0000000786100000)
  from space 13824K, 98% used [0x0000000787880000,0x00000007885dcdc8,0x0000000788600000)
  to   space 18944K, 0% used [0x0000000786100000,0x0000000786100000,0x0000000787380000)
 ParOldGen       total 223232K, used 25903K [0x00000006c6800000, 0x00000006d4200000, 0x000000076cd80000)
  object space 223232K, 11% used [0x00000006c6800000,0x00000006c814bce0,0x00000006d4200000)
 Metaspace       used 53427K, capacity 54429K, committed 54784K, reserved 1097728K
  class space    used 7105K, capacity 7309K, committed 7424K, reserved 1048576K
}
Event: 1613,061 GC heap before
{Heap before GC invocations=13 (full 2):
 PSYoungGen      total 427008K, used 426867K [0x000000076cd80000, 0x0000000788600000, 0x00000007c0000000)
  eden space 413184K, 100% used [0x000000076cd80000,0x0000000786100000,0x0000000786100000)
  from space 13824K, 98% used [0x0000000787880000,0x00000007885dcdc8,0x0000000788600000)
  to   space 18944K, 0% used [0x0000000786100000,0x0000000786100000,0x0000000787380000)
 ParOldGen       total 223232K, used 25903K [0x00000006c6800000, 0x00000006d4200000, 0x000000076cd80000)
  object space 223232K, 11% used [0x00000006c6800000,0x00000006c814bce0,0x00000006d4200000)
 Metaspace       used 55184K, capacity 56263K, committed 56448K, reserved 1097728K
  class space    used 7303K, capacity 7498K, committed 7552K, reserved 1048576K
Event: 1613,120 GC heap after
Heap after GC invocations=13 (full 2):
 PSYoungGen      total 432128K, used 13917K [0x000000076cd80000, 0x0000000789e00000, 0x00000007c0000000)
  eden space 413184K, 0% used [0x000000076cd80000,0x000000076cd80000,0x0000000786100000)
  from space 18944K, 73% used [0x0000000786100000,0x0000000786e97690,0x0000000787380000)
  to   space 18432K, 0% used [0x0000000788c00000,0x0000000788c00000,0x0000000789e00000)
 ParOldGen       total 223232K, used 25975K [0x00000006c6800000, 0x00000006d4200000, 0x000000076cd80000)
  object space 223232K, 11% used [0x00000006c6800000,0x00000006c815dcf0,0x00000006d4200000)
 Metaspace       used 55184K, capacity 56263K, committed 56448K, reserved 1097728K
  class space    used 7303K, capacity 7498K, committed 7552K, reserved 1048576K
}
Event: 1657,048 GC heap before
{Heap before GC invocations=14 (full 2):
 PSYoungGen      total 432128K, used 427101K [0x000000076cd80000, 0x0000000789e00000, 0x00000007c0000000)
  eden space 413184K, 100% used [0x000000076cd80000,0x0000000786100000,0x0000000786100000)
  from space 18944K, 73% used [0x0000000786100000,0x0000000786e97690,0x0000000787380000)
  to   space 18432K, 0% used [0x0000000788c00000,0x0000000788c00000,0x0000000789e00000)
 ParOldGen       total 223232K, used 25975K [0x00000006c6800000, 0x00000006d4200000, 0x000000076cd80000)
  object space 223232K, 11% used [0x00000006c6800000,0x00000006c815dcf0,0x00000006d4200000)
 Metaspace       used 56637K, capacity 58013K, committed 58112K, reserved 1099776K
  class space    used 7460K, capacity 7676K, committed 7680K, reserved 1048576K
Event: 1657,101 GC heap after
Heap after GC invocations=14 (full 2):
 PSYoungGen      total 450560K, used 16776K [0x000000076cd80000, 0x0000000789c80000, 0x00000007c0000000)
  eden space 433664K, 0% used [0x000000076cd80000,0x000000076cd80000,0x0000000787500000)
  from space 16896K, 99% used [0x0000000788c00000,0x0000000789c622a8,0x0000000789c80000)
  to   space 18944K, 0% used [0x0000000787780000,0x0000000787780000,0x0000000788a00000)
 ParOldGen       total 223232K, used 25983K [0x00000006c6800000, 0x00000006d4200000, 0x000000076cd80000)
  object space 223232K, 11% used [0x00000006c6800000,0x00000006c815fcf0,0x00000006d4200000)
 Metaspace       used 56637K, capacity 58013K, committed 58112K, reserved 1099776K
  class space    used 7460K, capacity 7676K, committed 7680K, reserved 1048576K
}
Event: 1658,055 GC heap before
{Heap before GC invocations=15 (full 2):
 PSYoungGen      total 450560K, used 57076K [0x000000076cd80000, 0x0000000789c80000, 0x00000007c0000000)
  eden space 433664K, 9% used [0x000000076cd80000,0x000000076f4db0d8,0x0000000787500000)
  from space 16896K, 99% used [0x0000000788c00000,0x0000000789c622a8,0x0000000789c80000)
  to   space 18944K, 0% used [0x0000000787780000,0x0000000787780000,0x0000000788a00000)
 ParOldGen       total 223232K, used 25983K [0x00000006c6800000, 0x00000006d4200000, 0x000000076cd80000)
  object space 223232K, 11% used [0x00000006c6800000,0x00000006c815fcf0,0x00000006d4200000)
 Metaspace       used 57549K, capacity 59018K, committed 59096K, reserved 1101824K
  class space    used 7562K, capacity 7808K, committed 7808K, reserved 1048576K
Event: 1658,116 GC heap after
Heap after GC invocations=15 (full 2):
 PSYoungGen      total 455168K, used 11777K [0x000000076cd80000, 0x000000078cc00000, 0x00000007c0000000)
  eden space 436224K, 0% used [0x000000076cd80000,0x000000076cd80000,0x0000000787780000)
  from space 18944K, 62% used [0x0000000787780000,0x00000007883005d0,0x0000000788a00000)
  to   space 18944K, 0% used [0x000000078b980000,0x000000078b980000,0x000000078cc00000)
 ParOldGen       total 223232K, used 25991K [0x00000006c6800000, 0x00000006d4200000, 0x000000076cd80000)
  object space 223232K, 11% used [0x00000006c6800000,0x00000006c8161cf0,0x00000006d4200000)
 Metaspace       used 57549K, capacity 59018K, committed 59096K, reserved 1101824K
  class space    used 7562K, capacity 7808K, committed 7808K, reserved 1048576K
}
Event: 1658,116 GC heap before
{Heap before GC invocations=16 (full 3):
 PSYoungGen      total 455168K, used 11777K [0x000000076cd80000, 0x000000078cc00000, 0x00000007c0000000)
  eden space 436224K, 0% used [0x000000076cd80000,0x000000076cd80000,0x0000000787780000)
  from space 18944K, 62% used [0x0000000787780000,0x00000007883005d0,0x0000000788a00000)
  to   space 18944K, 0% used [0x000000078b980000,0x000000078b980000,0x000000078cc00000)
 ParOldGen       total 223232K, used 25991K [0x00000006c6800000, 0x00000006d4200000, 0x000000076cd80000)
  object space 223232K, 11% used [0x00000006c6800000,0x00000006c8161cf0,0x00000006d4200000)
 Metaspace       used 57549K, capacity 59018K, committed 59096K, reserved 1101824K
  class space    used 7562K, capacity 7808K, committed 7808K, reserved 1048576K
Event: 1658,762 GC heap after
Heap after GC invocations=16 (full 3):
 PSYoungGen      total 455168K, used 0K [0x000000076cd80000, 0x000000078cc00000, 0x00000007c0000000)
  eden space 436224K, 0% used [0x000000076cd80000,0x000000076cd80000,0x0000000787780000)
  from space 18944K, 0% used [0x0000000787780000,0x0000000787780000,0x0000000788a00000)
  to   space 18944K, 0% used [0x000000078b980000,0x000000078b980000,0x000000078cc00000)
 ParOldGen       total 307200K, used 29486K [0x00000006c6800000, 0x00000006d9400000, 0x000000076cd80000)
  object space 307200K, 9% used [0x00000006c6800000,0x00000006c84cbb68,0x00000006d9400000)
 Metaspace       used 57543K, capacity 59008K, committed 59096K, reserved 1101824K
  class space    used 7562K, capacity 7806K, committed 7808K, reserved 1048576K
}

