# JRE version: Java(TM) SE Runtime Environment (8.0_74-b02) (build 1.8.0_74-b02)
# Java VM: Java HotSpot(TM) 64-Bit Server VM (25.74-b02 mixed mode linux-amd64 compressed oops)
Heap:
 PSYoungGen      total 650240K, used 93245K [0x000000076cd80000, 0x0000000796700000, 0x00000007c0000000)
  eden space 636928K, 12% used [0x000000076cd80000,0x0000000771bd64c0,0x0000000793b80000)
  from space 13312K, 97% used [0x0000000795a00000,0x00000007966b9228,0x0000000796700000)
  to   space 18944K, 0% used [0x0000000794200000,0x0000000794200000,0x0000000795480000)
 ParOldGen       total 113664K, used 25419K [0x00000006c6800000, 0x00000006cd700000, 0x000000076cd80000)
  object space 113664K, 22% used [0x00000006c6800000,0x00000006c80d2d28,0x00000006cd700000)
 Metaspace       used 51620K, capacity 52457K, committed 52736K, reserved 1095680K
  class space    used 6885K, capacity 7048K, committed 7168K, reserved 1048576K
GC Heap History (10 events):
Event: 69,771 GC heap before
{Heap before GC invocations=8 (full 1):
 PSYoungGen      total 247296K, used 246900K [0x000000076cd80000, 0x000000077e300000, 0x00000007c0000000)
  eden space 239104K, 100% used [0x000000076cd80000,0x000000077b700000,0x000000077b700000)
  from space 8192K, 95% used [0x000000077db00000,0x000000077e29d2a8,0x000000077e300000)
  to   space 18432K, 0% used [0x000000077bf00000,0x000000077bf00000,0x000000077d100000)
 ParOldGen       total 92160K, used 13765K [0x00000006c6800000, 0x00000006cc200000, 0x000000076cd80000)
  object space 92160K, 14% used [0x00000006c6800000,0x00000006c7571788,0x00000006cc200000)
 Metaspace       used 30009K, capacity 30455K, committed 30976K, reserved 1075200K
  class space    used 4138K, capacity 4253K, committed 4352K, reserved 1048576K
Event: 69,796 GC heap after
Heap after GC invocations=8 (full 1):
 PSYoungGen      total 265728K, used 9552K [0x000000076cd80000, 0x0000000789880000, 0x00000007c0000000)
  eden space 247296K, 0% used [0x000000076cd80000,0x000000076cd80000,0x000000077bf00000)
  from space 18432K, 51% used [0x000000077bf00000,0x000000077c854020,0x000000077d100000)
  to   space 17920K, 0% used [0x0000000788700000,0x0000000788700000,0x0000000789880000)
 ParOldGen       total 92160K, used 13773K [0x00000006c6800000, 0x00000006cc200000, 0x000000076cd80000)
  object space 92160K, 14% used [0x00000006c6800000,0x00000006c7573788,0x00000006cc200000)
 Metaspace       used 30009K, capacity 30455K, committed 30976K, reserved 1075200K
  class space    used 4138K, capacity 4253K, committed 4352K, reserved 1048576K
}
Event: 77,840 GC heap before
{Heap before GC invocations=9 (full 1):
 PSYoungGen      total 265728K, used 153454K [0x000000076cd80000, 0x0000000789880000, 0x00000007c0000000)
  eden space 247296K, 58% used [0x000000076cd80000,0x0000000775a07890,0x000000077bf00000)
  from space 18432K, 51% used [0x000000077bf00000,0x000000077c854020,0x000000077d100000)
  to   space 17920K, 0% used [0x0000000788700000,0x0000000788700000,0x0000000789880000)
 ParOldGen       total 92160K, used 13773K [0x00000006c6800000, 0x00000006cc200000, 0x000000076cd80000)
  object space 92160K, 14% used [0x00000006c6800000,0x00000006c7573788,0x00000006cc200000)
 Metaspace       used 34756K, capacity 35119K, committed 35456K, reserved 1079296K
  class space    used 4805K, capacity 4929K, committed 4992K, reserved 1048576K
Event: 77,857 GC heap after
Heap after GC invocations=9 (full 1):
 PSYoungGen      total 452608K, used 11768K [0x000000076cd80000, 0x0000000789b00000, 0x00000007c0000000)
  eden space 434688K, 0% used [0x000000076cd80000,0x000000076cd80000,0x0000000787600000)
  from space 17920K, 65% used [0x0000000788700000,0x000000078927e030,0x0000000789880000)
  to   space 17408K, 0% used [0x0000000787600000,0x0000000787600000,0x0000000788700000)
 ParOldGen       total 92160K, used 13781K [0x00000006c6800000, 0x00000006cc200000, 0x000000076cd80000)
  object space 92160K, 14% used [0x00000006c6800000,0x00000006c7575788,0x00000006cc200000)
 Metaspace       used 34756K, capacity 35119K, committed 35456K, reserved 1079296K
  class space    used 4805K, capacity 4929K, committed 4992K, reserved 1048576K
}
Event: 77,857 GC heap before
{Heap before GC invocations=10 (full 2):
 PSYoungGen      total 452608K, used 11768K [0x000000076cd80000, 0x0000000789b00000, 0x00000007c0000000)
  eden space 434688K, 0% used [0x000000076cd80000,0x000000076cd80000,0x0000000787600000)
  from space 17920K, 65% used [0x0000000788700000,0x000000078927e030,0x0000000789880000)
  to   space 17408K, 0% used [0x0000000787600000,0x0000000787600000,0x0000000788700000)
 ParOldGen       total 92160K, used 13781K [0x00000006c6800000, 0x00000006cc200000, 0x000000076cd80000)
  object space 92160K, 14% used [0x00000006c6800000,0x00000006c7575788,0x00000006cc200000)
 Metaspace       used 34756K, capacity 35119K, committed 35456K, reserved 1079296K
  class space    used 4805K, capacity 4929K, committed 4992K, reserved 1048576K
Event: 77,991 GC heap after
Heap after GC invocations=10 (full 2):
 PSYoungGen      total 452608K, used 0K [0x000000076cd80000, 0x0000000789b00000, 0x00000007c0000000)
  eden space 434688K, 0% used [0x000000076cd80000,0x000000076cd80000,0x0000000787600000)
  from space 17920K, 0% used [0x0000000788700000,0x0000000788700000,0x0000000789880000)
  to   space 17408K, 0% used [0x0000000787600000,0x0000000787600000,0x0000000788700000)
 ParOldGen       total 113664K, used 24482K [0x00000006c6800000, 0x00000006cd700000, 0x000000076cd80000)
  object space 113664K, 21% used [0x00000006c6800000,0x00000006c7fe8bc0,0x00000006cd700000)
 Metaspace       used 34750K, capacity 35109K, committed 35456K, reserved 1079296K
  class space    used 4804K, capacity 4927K, committed 4992K, reserved 1048576K
}
Event: 91,976 GC heap before
{Heap before GC invocations=11 (full 2):
 PSYoungGen      total 452608K, used 434688K [0x000000076cd80000, 0x0000000789b00000, 0x00000007c0000000)
  eden space 434688K, 100% used [0x000000076cd80000,0x0000000787600000,0x0000000787600000)
  from space 17920K, 0% used [0x0000000788700000,0x0000000788700000,0x0000000789880000)
  to   space 17408K, 0% used [0x0000000787600000,0x0000000787600000,0x0000000788700000)
 ParOldGen       total 113664K, used 24482K [0x00000006c6800000, 0x00000006cd700000, 0x000000076cd80000)
  object space 113664K, 21% used [0x00000006c6800000,0x00000006c7fe8bc0,0x00000006cd700000)
 Metaspace       used 49218K, capacity 49685K, committed 50176K, reserved 1093632K
  class space    used 6684K, capacity 6816K, committed 6912K, reserved 1048576K
Event: 92,017 GC heap after
Heap after GC invocations=11 (full 2):
 PSYoungGen      total 452096K, used 17407K [0x000000076cd80000, 0x0000000796d00000, 0x00000007c0000000)
  eden space 434688K, 0% used [0x000000076cd80000,0x000000076cd80000,0x0000000787600000)
  from space 17408K, 99% used [0x0000000787600000,0x00000007886ffeb8,0x0000000788700000)
  to   space 19456K, 0% used [0x0000000795a00000,0x0000000795a00000,0x0000000796d00000)
 ParOldGen       total 113664K, used 25411K [0x00000006c6800000, 0x00000006cd700000, 0x000000076cd80000)
  object space 113664K, 22% used [0x00000006c6800000,0x00000006c80d0d28,0x00000006cd700000)
 Metaspace       used 49218K, capacity 49685K, committed 50176K, reserved 1093632K
  class space    used 6684K, capacity 6816K, committed 6912K, reserved 1048576K
}
Event: 171,173 GC heap before
{Heap before GC invocations=12 (full 2):
 PSYoungGen      total 452096K, used 452095K [0x000000076cd80000, 0x0000000796d00000, 0x00000007c0000000)
  eden space 434688K, 100% used [0x000000076cd80000,0x0000000787600000,0x0000000787600000)
  from space 17408K, 99% used [0x0000000787600000,0x00000007886ffeb8,0x0000000788700000)
  to   space 19456K, 0% used [0x0000000795a00000,0x0000000795a00000,0x0000000796d00000)
 ParOldGen       total 113664K, used 25411K [0x00000006c6800000, 0x00000006cd700000, 0x000000076cd80000)
  object space 113664K, 22% used [0x00000006c6800000,0x00000006c80d0d28,0x00000006cd700000)
 Metaspace       used 51487K, capacity 52231K, committed 52608K, reserved 1095680K
  class space    used 6876K, capacity 7033K, committed 7040K, reserved 1048576K
Event: 171,195 GC heap after
Heap after GC invocations=12 (full 2):
 PSYoungGen      total 650240K, used 13028K [0x000000076cd80000, 0x0000000796700000, 0x00000007c0000000)
  eden space 636928K, 0% used [0x000000076cd80000,0x000000076cd80000,0x0000000793b80000)
  from space 13312K, 97% used [0x0000000795a00000,0x00000007966b9228,0x0000000796700000)
  to   space 18944K, 0% used [0x0000000794200000,0x0000000794200000,0x0000000795480000)
 ParOldGen       total 113664K, used 25419K [0x00000006c6800000, 0x00000006cd700000, 0x000000076cd80000)
  object space 113664K, 22% used [0x00000006c6800000,0x00000006c80d2d28,0x00000006cd700000)
 Metaspace       used 51487K, capacity 52231K, committed 52608K, reserved 1095680K
  class space    used 6876K, capacity 7033K, committed 7040K, reserved 1048576K
}

