# JRE version: Java(TM) SE Runtime Environment (8.0_74-b02) (build 1.8.0_74-b02)
# Java VM: Java HotSpot(TM) 64-Bit Server VM (25.74-b02 mixed mode linux-amd64 compressed oops)
Heap:
 PSYoungGen      total 475648K, used 421494K [0x000000076cd80000, 0x0000000791800000, 0x00000007c0000000)
  eden space 464896K, 88% used [0x000000076cd80000,0x0000000785ea0c80,0x0000000789380000)
  from space 10752K, 99% used [0x000000078a600000,0x000000078b07ce90,0x000000078b080000)
  to   space 18944K, 0% used [0x0000000789380000,0x0000000789380000,0x000000078a600000)
 ParOldGen       total 125952K, used 27766K [0x00000006c6800000, 0x00000006ce300000, 0x000000076cd80000)
  object space 125952K, 22% used [0x00000006c6800000,0x00000006c831db08,0x00000006ce300000)
 Metaspace       used 53638K, capacity 54583K, committed 54656K, reserved 1097728K
  class space    used 7102K, capacity 7250K, committed 7296K, reserved 1048576K
GC Heap History (10 events):
Event: 971,338 GC heap before
{Heap before GC invocations=8 (full 1):
 PSYoungGen      total 255488K, used 230756K [0x000000076cd80000, 0x000000077dc00000, 0x00000007c0000000)
  eden space 237056K, 94% used [0x000000076cd80000,0x000000077a8be710,0x000000077b500000)
  from space 18432K, 33% used [0x000000077c800000,0x000000077ce1aab8,0x000000077da00000)
  to   space 19456K, 0% used [0x000000077b500000,0x000000077b500000,0x000000077c800000)
 ParOldGen       total 89088K, used 17994K [0x00000006c6800000, 0x00000006cbf00000, 0x000000076cd80000)
  object space 89088K, 20% used [0x00000006c6800000,0x00000006c7992a20,0x00000006cbf00000)
 Metaspace       used 34887K, capacity 35235K, committed 35456K, reserved 1079296K
  class space    used 4858K, capacity 4980K, committed 4992K, reserved 1048576K
Event: 971,357 GC heap after
Heap after GC invocations=8 (full 1):
 PSYoungGen      total 256512K, used 12916K [0x000000076cd80000, 0x000000078c000000, 0x00000007c0000000)
  eden space 237056K, 0% used [0x000000076cd80000,0x000000076cd80000,0x000000077b500000)
  from space 19456K, 66% used [0x000000077b500000,0x000000077c19d040,0x000000077c800000)
  to   space 18944K, 0% used [0x000000078ad80000,0x000000078ad80000,0x000000078c000000)
 ParOldGen       total 89088K, used 18002K [0x00000006c6800000, 0x00000006cbf00000, 0x000000076cd80000)
  object space 89088K, 20% used [0x00000006c6800000,0x00000006c7994a20,0x00000006cbf00000)
 Metaspace       used 34887K, capacity 35235K, committed 35456K, reserved 1079296K
  class space    used 4858K, capacity 4980K, committed 4992K, reserved 1048576K
}
Event: 971,357 GC heap before
{Heap before GC invocations=9 (full 2):
 PSYoungGen      total 256512K, used 12916K [0x000000076cd80000, 0x000000078c000000, 0x00000007c0000000)
  eden space 237056K, 0% used [0x000000076cd80000,0x000000076cd80000,0x000000077b500000)
  from space 19456K, 66% used [0x000000077b500000,0x000000077c19d040,0x000000077c800000)
  to   space 18944K, 0% used [0x000000078ad80000,0x000000078ad80000,0x000000078c000000)
 ParOldGen       total 89088K, used 18002K [0x00000006c6800000, 0x00000006cbf00000, 0x000000076cd80000)
  object space 89088K, 20% used [0x00000006c6800000,0x00000006c7994a20,0x00000006cbf00000)
 Metaspace       used 34887K, capacity 35235K, committed 35456K, reserved 1079296K
  class space    used 4858K, capacity 4980K, committed 4992K, reserved 1048576K
Event: 971,482 GC heap after
Heap after GC invocations=9 (full 2):
 PSYoungGen      total 256512K, used 0K [0x000000076cd80000, 0x000000078c000000, 0x00000007c0000000)
  eden space 237056K, 0% used [0x000000076cd80000,0x000000076cd80000,0x000000077b500000)
  from space 19456K, 0% used [0x000000077b500000,0x000000077b500000,0x000000077c800000)
  to   space 18944K, 0% used [0x000000078ad80000,0x000000078ad80000,0x000000078c000000)
 ParOldGen       total 125952K, used 25379K [0x00000006c6800000, 0x00000006ce300000, 0x000000076cd80000)
  object space 125952K, 20% used [0x00000006c6800000,0x00000006c80c8ff8,0x00000006ce300000)
 Metaspace       used 34887K, capacity 35235K, committed 35456K, reserved 1079296K
  class space    used 4858K, capacity 4980K, committed 4992K, reserved 1048576K
}
Event: 985,642 GC heap before
{Heap before GC invocations=10 (full 2):
 PSYoungGen      total 256512K, used 237056K [0x000000076cd80000, 0x000000078c000000, 0x00000007c0000000)
  eden space 237056K, 100% used [0x000000076cd80000,0x000000077b500000,0x000000077b500000)
  from space 19456K, 0% used [0x000000077b500000,0x000000077b500000,0x000000077c800000)
  to   space 18944K, 0% used [0x000000078ad80000,0x000000078ad80000,0x000000078c000000)
 ParOldGen       total 125952K, used 25379K [0x00000006c6800000, 0x00000006ce300000, 0x000000076cd80000)
  object space 125952K, 20% used [0x00000006c6800000,0x00000006c80c8ff8,0x00000006ce300000)
 Metaspace       used 44700K, capacity 45189K, committed 45440K, reserved 1089536K
  class space    used 6113K, capacity 6264K, committed 6272K, reserved 1048576K
Event: 985,672 GC heap after
Heap after GC invocations=10 (full 2):
 PSYoungGen      total 370688K, used 12268K [0x000000076cd80000, 0x000000078b980000, 0x00000007c0000000)
  eden space 358400K, 0% used [0x000000076cd80000,0x000000076cd80000,0x0000000782b80000)
  from space 12288K, 99% used [0x000000078ad80000,0x000000078b97b0d8,0x000000078b980000)
  to   space 18432K, 0% used [0x0000000789580000,0x0000000789580000,0x000000078a780000)
 ParOldGen       total 125952K, used 25387K [0x00000006c6800000, 0x00000006ce300000, 0x000000076cd80000)
  object space 125952K, 20% used [0x00000006c6800000,0x00000006c80caff8,0x00000006ce300000)
 Metaspace       used 44700K, capacity 45189K, committed 45440K, reserved 1089536K
  class space    used 6113K, capacity 6264K, committed 6272K, reserved 1048576K
}
Event: 1130,138 GC heap before
{Heap before GC invocations=11 (full 2):
 PSYoungGen      total 370688K, used 370668K [0x000000076cd80000, 0x000000078b980000, 0x00000007c0000000)
  eden space 358400K, 100% used [0x000000076cd80000,0x0000000782b80000,0x0000000782b80000)
  from space 12288K, 99% used [0x000000078ad80000,0x000000078b97b0d8,0x000000078b980000)
  to   space 18432K, 0% used [0x0000000789580000,0x0000000789580000,0x000000078a780000)
 ParOldGen       total 125952K, used 25387K [0x00000006c6800000, 0x00000006ce300000, 0x000000076cd80000)
  object space 125952K, 20% used [0x00000006c6800000,0x00000006c80caff8,0x00000006ce300000)
 Metaspace       used 50091K, capacity 50611K, committed 50944K, reserved 1093632K
  class space    used 6782K, capacity 6884K, committed 6912K, reserved 1048576K
Event: 1130,363 GC heap after
Heap after GC invocations=11 (full 2):
 PSYoungGen      total 472576K, used 16583K [0x000000076cd80000, 0x000000078b080000, 0x00000007c0000000)
  eden space 455680K, 0% used [0x000000076cd80000,0x000000076cd80000,0x0000000788a80000)
  from space 16896K, 98% used [0x0000000789580000,0x000000078a5b1cf0,0x000000078a600000)
  to   space 10752K, 0% used [0x000000078a600000,0x000000078a600000,0x000000078b080000)
 ParOldGen       total 125952K, used 25395K [0x00000006c6800000, 0x00000006ce300000, 0x000000076cd80000)
  object space 125952K, 20% used [0x00000006c6800000,0x00000006c80ccff8,0x00000006ce300000)
 Metaspace       used 50091K, capacity 50611K, committed 50944K, reserved 1093632K
  class space    used 6782K, capacity 6884K, committed 6912K, reserved 1048576K
}
Event: 1163,567 GC heap before
{Heap before GC invocations=12 (full 2):
 PSYoungGen      total 472576K, used 472263K [0x000000076cd80000, 0x000000078b080000, 0x00000007c0000000)
  eden space 455680K, 100% used [0x000000076cd80000,0x0000000788a80000,0x0000000788a80000)
  from space 16896K, 98% used [0x0000000789580000,0x000000078a5b1cf0,0x000000078a600000)
  to   space 10752K, 0% used [0x000000078a600000,0x000000078a600000,0x000000078b080000)
 ParOldGen       total 125952K, used 25395K [0x00000006c6800000, 0x00000006ce300000, 0x000000076cd80000)
  object space 125952K, 20% used [0x00000006c6800000,0x00000006c80ccff8,0x00000006ce300000)
 Metaspace       used 52609K, capacity 53309K, committed 53504K, reserved 1095680K
  class space    used 7018K, capacity 7133K, committed 7168K, reserved 1048576K
Event: 1163,595 GC heap after
Heap after GC invocations=12 (full 2):
 PSYoungGen      total 475648K, used 10739K [0x000000076cd80000, 0x0000000791800000, 0x00000007c0000000)
  eden space 464896K, 0% used [0x000000076cd80000,0x000000076cd80000,0x0000000789380000)
  from space 10752K, 99% used [0x000000078a600000,0x000000078b07ce90,0x000000078b080000)
  to   space 18944K, 0% used [0x0000000789380000,0x0000000789380000,0x000000078a600000)
 ParOldGen       total 125952K, used 27766K [0x00000006c6800000, 0x00000006ce300000, 0x000000076cd80000)
  object space 125952K, 22% used [0x00000006c6800000,0x00000006c831db08,0x00000006ce300000)
 Metaspace       used 52609K, capacity 53309K, committed 53504K, reserved 1095680K
  class space    used 7018K, capacity 7133K, committed 7168K, reserved 1048576K
}

