# JRE version: Java(TM) SE Runtime Environment (8.0_74-b02) (build 1.8.0_74-b02)
# Java VM: Java HotSpot(TM) 64-Bit Server VM (25.74-b02 mixed mode linux-amd64 compressed oops)
Heap:
 PSYoungGen      total 509952K, used 366574K [0x000000076cd80000, 0x000000078d480000, 0x00000007c0000000)
  eden space 489472K, 74% used [0x000000076cd80000,0x000000078337b848,0x000000078ab80000)
  from space 20480K, 0% used [0x000000078c080000,0x000000078c080000,0x000000078d480000)
  to   space 20992K, 0% used [0x000000078ab80000,0x000000078ab80000,0x000000078c000000)
 ParOldGen       total 130560K, used 23524K [0x00000006c6800000, 0x00000006ce780000, 0x000000076cd80000)
  object space 130560K, 18% used [0x00000006c6800000,0x00000006c7ef9170,0x00000006ce780000)
 Metaspace       used 43677K, capacity 44231K, committed 44544K, reserved 1087488K
  class space    used 5973K, capacity 6111K, committed 6144K, reserved 1048576K
GC Heap History (10 events):
Event: 446,534 GC heap before
{Heap before GC invocations=4 (full 1):
 PSYoungGen      total 139264K, used 10234K [0x000000076cd80000, 0x000000077dd80000, 0x00000007c0000000)
  eden space 129024K, 0% used [0x000000076cd80000,0x000000076cd80000,0x0000000774b80000)
  from space 10240K, 99% used [0x0000000774b80000,0x000000077557ebf8,0x0000000775580000)
  to   space 10240K, 0% used [0x000000077d380000,0x000000077d380000,0x000000077dd80000)
 ParOldGen       total 171008K, used 17414K [0x00000006c6800000, 0x00000006d0f00000, 0x000000076cd80000)
  object space 171008K, 10% used [0x00000006c6800000,0x00000006c79018d0,0x00000006d0f00000)
 Metaspace       used 20974K, capacity 21170K, committed 21296K, reserved 1067008K
  class space    used 2854K, capacity 2936K, committed 2944K, reserved 1048576K
Event: 446,889 GC heap after
Heap after GC invocations=4 (full 1):
 PSYoungGen      total 139264K, used 0K [0x000000076cd80000, 0x000000077dd80000, 0x00000007c0000000)
  eden space 129024K, 0% used [0x000000076cd80000,0x000000076cd80000,0x0000000774b80000)
  from space 10240K, 0% used [0x0000000774b80000,0x0000000774b80000,0x0000000775580000)
  to   space 10240K, 0% used [0x000000077d380000,0x000000077d380000,0x000000077dd80000)
 ParOldGen       total 99328K, used 20990K [0x00000006c6800000, 0x00000006cc900000, 0x000000076cd80000)
  object space 99328K, 21% used [0x00000006c6800000,0x00000006c7c7fa88,0x00000006cc900000)
 Metaspace       used 20974K, capacity 21170K, committed 21296K, reserved 1067008K
  class space    used 2854K, capacity 2936K, committed 2944K, reserved 1048576K
}
Event: 450,824 GC heap before
{Heap before GC invocations=5 (full 1):
 PSYoungGen      total 139264K, used 129024K [0x000000076cd80000, 0x000000077dd80000, 0x00000007c0000000)
  eden space 129024K, 100% used [0x000000076cd80000,0x0000000774b80000,0x0000000774b80000)
  from space 10240K, 0% used [0x0000000774b80000,0x0000000774b80000,0x0000000775580000)
  to   space 10240K, 0% used [0x000000077d380000,0x000000077d380000,0x000000077dd80000)
 ParOldGen       total 99328K, used 20990K [0x00000006c6800000, 0x00000006cc900000, 0x000000076cd80000)
  object space 99328K, 21% used [0x00000006c6800000,0x00000006c7c7fa88,0x00000006cc900000)
 Metaspace       used 25538K, capacity 25854K, committed 26112K, reserved 1071104K
  class space    used 3635K, capacity 3751K, committed 3840K, reserved 1048576K
Event: 450,833 GC heap after
Heap after GC invocations=5 (full 1):
 PSYoungGen      total 258048K, used 5908K [0x000000076cd80000, 0x000000077d980000, 0x00000007c0000000)
  eden space 251904K, 0% used [0x000000076cd80000,0x000000076cd80000,0x000000077c380000)
  from space 6144K, 96% used [0x000000077d380000,0x000000077d9451f8,0x000000077d980000)
  to   space 10240K, 0% used [0x000000077c580000,0x000000077c580000,0x000000077cf80000)
 ParOldGen       total 99328K, used 20998K [0x00000006c6800000, 0x00000006cc900000, 0x000000076cd80000)
  object space 99328K, 21% used [0x00000006c6800000,0x00000006c7c81a88,0x00000006cc900000)
 Metaspace       used 25538K, capacity 25854K, committed 26112K, reserved 1071104K
  class space    used 3635K, capacity 3751K, committed 3840K, reserved 1048576K
}
Event: 454,262 GC heap before
{Heap before GC invocations=6 (full 1):
 PSYoungGen      total 258048K, used 257812K [0x000000076cd80000, 0x000000077d980000, 0x00000007c0000000)
  eden space 251904K, 100% used [0x000000076cd80000,0x000000077c380000,0x000000077c380000)
  from space 6144K, 96% used [0x000000077d380000,0x000000077d9451f8,0x000000077d980000)
  to   space 10240K, 0% used [0x000000077c580000,0x000000077c580000,0x000000077cf80000)
 ParOldGen       total 99328K, used 20998K [0x00000006c6800000, 0x00000006cc900000, 0x000000076cd80000)
  object space 99328K, 21% used [0x00000006c6800000,0x00000006c7c81a88,0x00000006cc900000)
 Metaspace       used 31427K, capacity 31841K, committed 32256K, reserved 1077248K
  class space    used 4382K, capacity 4497K, committed 4608K, reserved 1048576K
Event: 454,282 GC heap after
Heap after GC invocations=6 (full 1):
 PSYoungGen      total 264192K, used 9972K [0x000000076cd80000, 0x000000078d600000, 0x00000007c0000000)
  eden space 253952K, 0% used [0x000000076cd80000,0x000000076cd80000,0x000000077c580000)
  from space 10240K, 97% used [0x000000077c580000,0x000000077cf3d058,0x000000077cf80000)
  to   space 22016K, 0% used [0x000000078c080000,0x000000078c080000,0x000000078d600000)
 ParOldGen       total 99328K, used 21006K [0x00000006c6800000, 0x00000006cc900000, 0x000000076cd80000)
  object space 99328K, 21% used [0x00000006c6800000,0x00000006c7c83a88,0x00000006cc900000)
 Metaspace       used 31427K, capacity 31841K, committed 32256K, reserved 1077248K
  class space    used 4382K, capacity 4497K, committed 4608K, reserved 1048576K
}
Event: 459,808 GC heap before
{Heap before GC invocations=7 (full 1):
 PSYoungGen      total 264192K, used 103289K [0x000000076cd80000, 0x000000078d600000, 0x00000007c0000000)
  eden space 253952K, 36% used [0x000000076cd80000,0x00000007728a1438,0x000000077c580000)
  from space 10240K, 97% used [0x000000077c580000,0x000000077cf3d058,0x000000077cf80000)
  to   space 22016K, 0% used [0x000000078c080000,0x000000078c080000,0x000000078d600000)
 ParOldGen       total 99328K, used 21006K [0x00000006c6800000, 0x00000006cc900000, 0x000000076cd80000)
  object space 99328K, 21% used [0x00000006c6800000,0x00000006c7c83a88,0x00000006cc900000)
 Metaspace       used 34849K, capacity 35219K, committed 35456K, reserved 1079296K
  class space    used 4855K, capacity 4980K, committed 4992K, reserved 1048576K
Event: 459,822 GC heap after
Heap after GC invocations=7 (full 1):
 PSYoungGen      total 509952K, used 10775K [0x000000076cd80000, 0x000000078d480000, 0x00000007c0000000)
  eden space 489472K, 0% used [0x000000076cd80000,0x000000076cd80000,0x000000078ab80000)
  from space 20480K, 52% used [0x000000078c080000,0x000000078cb05f20,0x000000078d480000)
  to   space 20992K, 0% used [0x000000078ab80000,0x000000078ab80000,0x000000078c000000)
 ParOldGen       total 99328K, used 21014K [0x00000006c6800000, 0x00000006cc900000, 0x000000076cd80000)
  object space 99328K, 21% used [0x00000006c6800000,0x00000006c7c85a88,0x00000006cc900000)
 Metaspace       used 34849K, capacity 35219K, committed 35456K, reserved 1079296K
  class space    used 4855K, capacity 4980K, committed 4992K, reserved 1048576K
}
Event: 459,822 GC heap before
{Heap before GC invocations=8 (full 2):
 PSYoungGen      total 509952K, used 10775K [0x000000076cd80000, 0x000000078d480000, 0x00000007c0000000)
  eden space 489472K, 0% used [0x000000076cd80000,0x000000076cd80000,0x000000078ab80000)
  from space 20480K, 52% used [0x000000078c080000,0x000000078cb05f20,0x000000078d480000)
  to   space 20992K, 0% used [0x000000078ab80000,0x000000078ab80000,0x000000078c000000)
 ParOldGen       total 99328K, used 21014K [0x00000006c6800000, 0x00000006cc900000, 0x000000076cd80000)
  object space 99328K, 21% used [0x00000006c6800000,0x00000006c7c85a88,0x00000006cc900000)
 Metaspace       used 34849K, capacity 35219K, committed 35456K, reserved 1079296K
  class space    used 4855K, capacity 4980K, committed 4992K, reserved 1048576K
Event: 459,998 GC heap after
Heap after GC invocations=8 (full 2):
 PSYoungGen      total 509952K, used 0K [0x000000076cd80000, 0x000000078d480000, 0x00000007c0000000)
  eden space 489472K, 0% used [0x000000076cd80000,0x000000076cd80000,0x000000078ab80000)
  from space 20480K, 0% used [0x000000078c080000,0x000000078c080000,0x000000078d480000)
  to   space 20992K, 0% used [0x000000078ab80000,0x000000078ab80000,0x000000078c000000)
 ParOldGen       total 130560K, used 23524K [0x00000006c6800000, 0x00000006ce780000, 0x000000076cd80000)
  object space 130560K, 18% used [0x00000006c6800000,0x00000006c7ef9170,0x00000006ce780000)
 Metaspace       used 34849K, capacity 35219K, committed 35456K, reserved 1079296K
  class space    used 4855K, capacity 4980K, committed 4992K, reserved 1048576K
}

