# JRE version: Java(TM) SE Runtime Environment (8.0_74-b02) (build 1.8.0_74-b02)
# Java VM: Java HotSpot(TM) 64-Bit Server VM (25.74-b02 mixed mode linux-amd64 compressed oops)
Heap:
 PSYoungGen      total 477184K, used 291738K [0x000000076cd80000, 0x000000078b700000, 0x00000007c0000000)
  eden space 465408K, 60% used [0x000000076cd80000,0x000000077e246390,0x0000000789400000)
  from space 11776K, 70% used [0x000000078ab80000,0x000000078b3a04a0,0x000000078b700000)
  to   space 17920K, 0% used [0x0000000789400000,0x0000000789400000,0x000000078a580000)
 ParOldGen       total 198144K, used 27555K [0x00000006c6800000, 0x00000006d2980000, 0x000000076cd80000)
  object space 198144K, 13% used [0x00000006c6800000,0x00000006c82e8dc0,0x00000006d2980000)
 Metaspace       used 61123K, capacity 62917K, committed 63104K, reserved 1103872K
  class space    used 8053K, capacity 8267K, committed 8320K, reserved 1048576K
GC Heap History (10 events):
Event: 8803,634 GC heap before
{Heap before GC invocations=17 (full 2):
 PSYoungGen      total 413184K, used 80369K [0x000000076cd80000, 0x000000078ad00000, 0x00000007c0000000)
  eden space 402432K, 17% used [0x000000076cd80000,0x00000007711b9f68,0x0000000785680000)
  from space 10752K, 97% used [0x000000078a280000,0x000000078acc2760,0x000000078ad00000)
  to   space 18432K, 0% used [0x0000000788900000,0x0000000788900000,0x0000000789b00000)
 ParOldGen       total 144896K, used 33163K [0x00000006c6800000, 0x00000006cf580000, 0x000000076cd80000)
  object space 144896K, 22% used [0x00000006c6800000,0x00000006c8862f50,0x00000006cf580000)
 Metaspace       used 57572K, capacity 58963K, committed 59096K, reserved 1101824K
  class space    used 7578K, capacity 7739K, committed 7808K, reserved 1048576K
Event: 8803,669 GC heap after
Heap after GC invocations=17 (full 2):
 PSYoungGen      total 393216K, used 6000K [0x000000076cd80000, 0x000000078a300000, 0x00000007c0000000)
  eden space 387072K, 0% used [0x000000076cd80000,0x000000076cd80000,0x0000000784780000)
  from space 6144K, 97% used [0x0000000788900000,0x0000000788edc020,0x0000000788f00000)
  to   space 18944K, 0% used [0x0000000789080000,0x0000000789080000,0x000000078a300000)
 ParOldGen       total 144896K, used 33171K [0x00000006c6800000, 0x00000006cf580000, 0x000000076cd80000)
  object space 144896K, 22% used [0x00000006c6800000,0x00000006c8864f50,0x00000006cf580000)
 Metaspace       used 57572K, capacity 58963K, committed 59096K, reserved 1101824K
  class space    used 7578K, capacity 7739K, committed 7808K, reserved 1048576K
}
Event: 8803,669 GC heap before
{Heap before GC invocations=18 (full 3):
 PSYoungGen      total 393216K, used 6000K [0x000000076cd80000, 0x000000078a300000, 0x00000007c0000000)
  eden space 387072K, 0% used [0x000000076cd80000,0x000000076cd80000,0x0000000784780000)
  from space 6144K, 97% used [0x0000000788900000,0x0000000788edc020,0x0000000788f00000)
  to   space 18944K, 0% used [0x0000000789080000,0x0000000789080000,0x000000078a300000)
 ParOldGen       total 144896K, used 33171K [0x00000006c6800000, 0x00000006cf580000, 0x000000076cd80000)
  object space 144896K, 22% used [0x00000006c6800000,0x00000006c8864f50,0x00000006cf580000)
 Metaspace       used 57572K, capacity 58963K, committed 59096K, reserved 1101824K
  class space    used 7578K, capacity 7739K, committed 7808K, reserved 1048576K
Event: 8804,306 GC heap after
Heap after GC invocations=18 (full 3):
 PSYoungGen      total 393216K, used 0K [0x000000076cd80000, 0x000000078a300000, 0x00000007c0000000)
  eden space 387072K, 0% used [0x000000076cd80000,0x000000076cd80000,0x0000000784780000)
  from space 6144K, 0% used [0x0000000788900000,0x0000000788900000,0x0000000788f00000)
  to   space 18944K, 0% used [0x0000000789080000,0x0000000789080000,0x000000078a300000)
 ParOldGen       total 198144K, used 27547K [0x00000006c6800000, 0x00000006d2980000, 0x000000076cd80000)
  object space 198144K, 13% used [0x00000006c6800000,0x00000006c82e6dc0,0x00000006d2980000)
 Metaspace       used 57511K, capacity 58829K, committed 59096K, reserved 1101824K
  class space    used 7569K, capacity 7725K, committed 7808K, reserved 1048576K
}
Event: 9201,068 GC heap before
{Heap before GC invocations=19 (full 3):
 PSYoungGen      total 393216K, used 387072K [0x000000076cd80000, 0x000000078a300000, 0x00000007c0000000)
  eden space 387072K, 100% used [0x000000076cd80000,0x0000000784780000,0x0000000784780000)
  from space 6144K, 0% used [0x0000000788900000,0x0000000788900000,0x0000000788f00000)
  to   space 18944K, 0% used [0x0000000789080000,0x0000000789080000,0x000000078a300000)
 ParOldGen       total 198144K, used 27547K [0x00000006c6800000, 0x00000006d2980000, 0x000000076cd80000)
  object space 198144K, 13% used [0x00000006c6800000,0x00000006c82e6dc0,0x00000006d2980000)
 Metaspace       used 58818K, capacity 60211K, committed 60504K, reserved 1101824K
  class space    used 7746K, capacity 7902K, committed 7936K, reserved 1048576K
Event: 9201,082 GC heap after
Heap after GC invocations=19 (full 3):
 PSYoungGen      total 454656K, used 7657K [0x000000076cd80000, 0x0000000789f80000, 0x00000007c0000000)
  eden space 439296K, 0% used [0x000000076cd80000,0x000000076cd80000,0x0000000787a80000)
  from space 15360K, 49% used [0x0000000789080000,0x00000007897fa590,0x0000000789f80000)
  to   space 18944K, 0% used [0x0000000787a80000,0x0000000787a80000,0x0000000788d00000)
 ParOldGen       total 198144K, used 27547K [0x00000006c6800000, 0x00000006d2980000, 0x000000076cd80000)
  object space 198144K, 13% used [0x00000006c6800000,0x00000006c82e6dc0,0x00000006d2980000)
 Metaspace       used 58818K, capacity 60211K, committed 60504K, reserved 1101824K
  class space    used 7746K, capacity 7902K, committed 7936K, reserved 1048576K
}
Event: 9263,522 GC heap before
{Heap before GC invocations=20 (full 3):
 PSYoungGen      total 454656K, used 446953K [0x000000076cd80000, 0x0000000789f80000, 0x00000007c0000000)
  eden space 439296K, 100% used [0x000000076cd80000,0x0000000787a80000,0x0000000787a80000)
  from space 15360K, 49% used [0x0000000789080000,0x00000007897fa590,0x0000000789f80000)
  to   space 18944K, 0% used [0x0000000787a80000,0x0000000787a80000,0x0000000788d00000)
 ParOldGen       total 198144K, used 27547K [0x00000006c6800000, 0x00000006d2980000, 0x000000076cd80000)
  object space 198144K, 13% used [0x00000006c6800000,0x00000006c82e6dc0,0x00000006d2980000)
 Metaspace       used 59452K, capacity 61105K, committed 61312K, reserved 1101824K
  class space    used 7821K, capacity 8000K, committed 8064K, reserved 1048576K
Event: 9263,530 GC heap after
Heap after GC invocations=20 (full 3):
 PSYoungGen      total 458240K, used 8848K [0x000000076cd80000, 0x000000078bd80000, 0x00000007c0000000)
  eden space 439296K, 0% used [0x000000076cd80000,0x000000076cd80000,0x0000000787a80000)
  from space 18944K, 46% used [0x0000000787a80000,0x0000000788324338,0x0000000788d00000)
  to   space 18432K, 0% used [0x000000078ab80000,0x000000078ab80000,0x000000078bd80000)
 ParOldGen       total 198144K, used 27547K [0x00000006c6800000, 0x00000006d2980000, 0x000000076cd80000)
  object space 198144K, 13% used [0x00000006c6800000,0x00000006c82e6dc0,0x00000006d2980000)
 Metaspace       used 59452K, capacity 61105K, committed 61312K, reserved 1101824K
  class space    used 7821K, capacity 8000K, committed 8064K, reserved 1048576K
}
Event: 9328,654 GC heap before
{Heap before GC invocations=21 (full 3):
 PSYoungGen      total 458240K, used 448144K [0x000000076cd80000, 0x000000078bd80000, 0x00000007c0000000)
  eden space 439296K, 100% used [0x000000076cd80000,0x0000000787a80000,0x0000000787a80000)
  from space 18944K, 46% used [0x0000000787a80000,0x0000000788324338,0x0000000788d00000)
  to   space 18432K, 0% used [0x000000078ab80000,0x000000078ab80000,0x000000078bd80000)
 ParOldGen       total 198144K, used 27547K [0x00000006c6800000, 0x00000006d2980000, 0x000000076cd80000)
  object space 198144K, 13% used [0x00000006c6800000,0x00000006c82e6dc0,0x00000006d2980000)
 Metaspace       used 60340K, capacity 62119K, committed 62208K, reserved 1103872K
  class space    used 7941K, capacity 8153K, committed 8192K, reserved 1048576K
Event: 9328,669 GC heap after
Heap after GC invocations=21 (full 3):
 PSYoungGen      total 477184K, used 8321K [0x000000076cd80000, 0x000000078b700000, 0x00000007c0000000)
  eden space 465408K, 0% used [0x000000076cd80000,0x000000076cd80000,0x0000000789400000)
  from space 11776K, 70% used [0x000000078ab80000,0x000000078b3a04a0,0x000000078b700000)
  to   space 17920K, 0% used [0x0000000789400000,0x0000000789400000,0x000000078a580000)
 ParOldGen       total 198144K, used 27555K [0x00000006c6800000, 0x00000006d2980000, 0x000000076cd80000)
  object space 198144K, 13% used [0x00000006c6800000,0x00000006c82e8dc0,0x00000006d2980000)
 Metaspace       used 60340K, capacity 62119K, committed 62208K, reserved 1103872K
  class space    used 7941K, capacity 8153K, committed 8192K, reserved 1048576K
}

