# JRE version: Java(TM) SE Runtime Environment (8.0_74-b02) (build 1.8.0_74-b02)
# Java VM: Java HotSpot(TM) 64-Bit Server VM (25.74-b02 mixed mode linux-amd64 compressed oops)
Heap:
 PSYoungGen      total 442368K, used 355640K [0x000000076cd80000, 0x0000000793400000, 0x00000007c0000000)
  eden space 423936K, 79% used [0x000000076cd80000,0x0000000781855558,0x0000000786b80000)
  from space 18432K, 91% used [0x0000000786b80000,0x0000000787bf8e50,0x0000000787d80000)
  to   space 19456K, 0% used [0x0000000792100000,0x0000000792100000,0x0000000793400000)
 ParOldGen       total 128000K, used 23964K [0x00000006c6800000, 0x00000006ce500000, 0x000000076cd80000)
  object space 128000K, 18% used [0x00000006c6800000,0x00000006c7f67348,0x00000006ce500000)
 Metaspace       used 51343K, capacity 51999K, committed 52352K, reserved 1095680K
  class space    used 6881K, capacity 7000K, committed 7040K, reserved 1048576K
GC Heap History (10 events):
Event: 48,935 GC heap before
{Heap before GC invocations=7 (full 1):
 PSYoungGen      total 139264K, used 129024K [0x000000076cd80000, 0x000000077eb80000, 0x00000007c0000000)
  eden space 129024K, 100% used [0x000000076cd80000,0x0000000774b80000,0x0000000774b80000)
  from space 10240K, 0% used [0x0000000774b80000,0x0000000774b80000,0x0000000775580000)
  to   space 17408K, 0% used [0x000000077da80000,0x000000077da80000,0x000000077eb80000)
 ParOldGen       total 98304K, used 17036K [0x00000006c6800000, 0x00000006cc800000, 0x000000076cd80000)
  object space 98304K, 17% used [0x00000006c6800000,0x00000006c78a3298,0x00000006cc800000)
 Metaspace       used 25476K, capacity 25778K, committed 26112K, reserved 1071104K
  class space    used 3666K, capacity 3748K, committed 3840K, reserved 1048576K
Event: 48,951 GC heap after
Heap after GC invocations=7 (full 1):
 PSYoungGen      total 241664K, used 5678K [0x000000076cd80000, 0x000000077e080000, 0x00000007c0000000)
  eden space 235520K, 0% used [0x000000076cd80000,0x000000076cd80000,0x000000077b380000)
  from space 6144K, 92% used [0x000000077da80000,0x000000077e00b918,0x000000077e080000)
  to   space 18944K, 0% used [0x000000077bb80000,0x000000077bb80000,0x000000077ce00000)
 ParOldGen       total 98304K, used 17044K [0x00000006c6800000, 0x00000006cc800000, 0x000000076cd80000)
  object space 98304K, 17% used [0x00000006c6800000,0x00000006c78a5298,0x00000006cc800000)
 Metaspace       used 25476K, capacity 25778K, committed 26112K, reserved 1071104K
  class space    used 3666K, capacity 3748K, committed 3840K, reserved 1048576K
}
Event: 51,220 GC heap before
{Heap before GC invocations=8 (full 1):
 PSYoungGen      total 241664K, used 241198K [0x000000076cd80000, 0x000000077e080000, 0x00000007c0000000)
  eden space 235520K, 100% used [0x000000076cd80000,0x000000077b380000,0x000000077b380000)
  from space 6144K, 92% used [0x000000077da80000,0x000000077e00b918,0x000000077e080000)
  to   space 18944K, 0% used [0x000000077bb80000,0x000000077bb80000,0x000000077ce00000)
 ParOldGen       total 98304K, used 17044K [0x00000006c6800000, 0x00000006cc800000, 0x000000076cd80000)
  object space 98304K, 17% used [0x00000006c6800000,0x00000006c78a5298,0x00000006cc800000)
 Metaspace       used 31059K, capacity 31407K, committed 31872K, reserved 1077248K
  class space    used 4353K, capacity 4459K, committed 4480K, reserved 1048576K
Event: 51,245 GC heap after
Heap after GC invocations=8 (full 1):
 PSYoungGen      total 262656K, used 9793K [0x000000076cd80000, 0x0000000789000000, 0x00000007c0000000)
  eden space 243712K, 0% used [0x000000076cd80000,0x000000076cd80000,0x000000077bb80000)
  from space 18944K, 51% used [0x000000077bb80000,0x000000077c5104b8,0x000000077ce00000)
  to   space 18944K, 0% used [0x0000000787d80000,0x0000000787d80000,0x0000000789000000)
 ParOldGen       total 98304K, used 17052K [0x00000006c6800000, 0x00000006cc800000, 0x000000076cd80000)
  object space 98304K, 17% used [0x00000006c6800000,0x00000006c78a7298,0x00000006cc800000)
 Metaspace       used 31059K, capacity 31407K, committed 31872K, reserved 1077248K
  class space    used 4353K, capacity 4459K, committed 4480K, reserved 1048576K
}
Event: 56,725 GC heap before
{Heap before GC invocations=9 (full 1):
 PSYoungGen      total 262656K, used 84099K [0x000000076cd80000, 0x0000000789000000, 0x00000007c0000000)
  eden space 243712K, 30% used [0x000000076cd80000,0x0000000771610770,0x000000077bb80000)
  from space 18944K, 51% used [0x000000077bb80000,0x000000077c5104b8,0x000000077ce00000)
  to   space 18944K, 0% used [0x0000000787d80000,0x0000000787d80000,0x0000000789000000)
 ParOldGen       total 98304K, used 17052K [0x00000006c6800000, 0x00000006cc800000, 0x000000076cd80000)
  object space 98304K, 17% used [0x00000006c6800000,0x00000006c78a7298,0x00000006cc800000)
 Metaspace       used 34783K, capacity 35067K, committed 35456K, reserved 1079296K
  class space    used 4816K, capacity 4909K, committed 4992K, reserved 1048576K
Event: 56,743 GC heap after
Heap after GC invocations=9 (full 1):
 PSYoungGen      total 442880K, used 11213K [0x000000076cd80000, 0x0000000789300000, 0x00000007c0000000)
  eden space 423936K, 0% used [0x000000076cd80000,0x000000076cd80000,0x0000000786b80000)
  from space 18944K, 59% used [0x0000000787d80000,0x0000000788873590,0x0000000789000000)
  to   space 18432K, 0% used [0x0000000786b80000,0x0000000786b80000,0x0000000787d80000)
 ParOldGen       total 98304K, used 17060K [0x00000006c6800000, 0x00000006cc800000, 0x000000076cd80000)
  object space 98304K, 17% used [0x00000006c6800000,0x00000006c78a9298,0x00000006cc800000)
 Metaspace       used 34783K, capacity 35067K, committed 35456K, reserved 1079296K
  class space    used 4816K, capacity 4909K, committed 4992K, reserved 1048576K
}
Event: 56,743 GC heap before
{Heap before GC invocations=10 (full 2):
 PSYoungGen      total 442880K, used 11213K [0x000000076cd80000, 0x0000000789300000, 0x00000007c0000000)
  eden space 423936K, 0% used [0x000000076cd80000,0x000000076cd80000,0x0000000786b80000)
  from space 18944K, 59% used [0x0000000787d80000,0x0000000788873590,0x0000000789000000)
  to   space 18432K, 0% used [0x0000000786b80000,0x0000000786b80000,0x0000000787d80000)
 ParOldGen       total 98304K, used 17060K [0x00000006c6800000, 0x00000006cc800000, 0x000000076cd80000)
  object space 98304K, 17% used [0x00000006c6800000,0x00000006c78a9298,0x00000006cc800000)
 Metaspace       used 34783K, capacity 35067K, committed 35456K, reserved 1079296K
  class space    used 4816K, capacity 4909K, committed 4992K, reserved 1048576K
Event: 56,838 GC heap after
Heap after GC invocations=10 (full 2):
 PSYoungGen      total 442880K, used 0K [0x000000076cd80000, 0x0000000789300000, 0x00000007c0000000)
  eden space 423936K, 0% used [0x000000076cd80000,0x000000076cd80000,0x0000000786b80000)
  from space 18944K, 0% used [0x0000000787d80000,0x0000000787d80000,0x0000000789000000)
  to   space 18432K, 0% used [0x0000000786b80000,0x0000000786b80000,0x0000000787d80000)
 ParOldGen       total 128000K, used 23956K [0x00000006c6800000, 0x00000006ce500000, 0x000000076cd80000)
  object space 128000K, 18% used [0x00000006c6800000,0x00000006c7f65348,0x00000006ce500000)
 Metaspace       used 34783K, capacity 35067K, committed 35456K, reserved 1079296K
  class space    used 4816K, capacity 4909K, committed 4992K, reserved 1048576K
}
Event: 75,383 GC heap before
{Heap before GC invocations=11 (full 2):
 PSYoungGen      total 442880K, used 423936K [0x000000076cd80000, 0x0000000789300000, 0x00000007c0000000)
  eden space 423936K, 100% used [0x000000076cd80000,0x0000000786b80000,0x0000000786b80000)
  from space 18944K, 0% used [0x0000000787d80000,0x0000000787d80000,0x0000000789000000)
  to   space 18432K, 0% used [0x0000000786b80000,0x0000000786b80000,0x0000000787d80000)
 ParOldGen       total 128000K, used 23956K [0x00000006c6800000, 0x00000006ce500000, 0x000000076cd80000)
  object space 128000K, 18% used [0x00000006c6800000,0x00000006c7f65348,0x00000006ce500000)
 Metaspace       used 48220K, capacity 48689K, committed 49280K, reserved 1091584K
  class space    used 6565K, capacity 6671K, committed 6784K, reserved 1048576K
Event: 75,421 GC heap after
Heap after GC invocations=11 (full 2):
 PSYoungGen      total 442368K, used 16867K [0x000000076cd80000, 0x0000000793400000, 0x00000007c0000000)
  eden space 423936K, 0% used [0x000000076cd80000,0x000000076cd80000,0x0000000786b80000)
  from space 18432K, 91% used [0x0000000786b80000,0x0000000787bf8e50,0x0000000787d80000)
  to   space 19456K, 0% used [0x0000000792100000,0x0000000792100000,0x0000000793400000)
 ParOldGen       total 128000K, used 23964K [0x00000006c6800000, 0x00000006ce500000, 0x000000076cd80000)
  object space 128000K, 18% used [0x00000006c6800000,0x00000006c7f67348,0x00000006ce500000)
 Metaspace       used 48220K, capacity 48689K, committed 49280K, reserved 1091584K
  class space    used 6565K, capacity 6671K, committed 6784K, reserved 1048576K
}

