# JRE version: Java(TM) SE Runtime Environment (8.0_74-b02) (build 1.8.0_74-b02)
# Java VM: Java HotSpot(TM) 64-Bit Server VM (25.74-b02 mixed mode linux-amd64 compressed oops)
Heap:
 PSYoungGen      total 445952K, used 327167K [0x000000076cd80000, 0x000000078ce00000, 0x00000007c0000000)
  eden space 428032K, 76% used [0x000000076cd80000,0x0000000780cffc20,0x0000000786f80000)
  from space 17920K, 0% used [0x0000000786f80000,0x0000000786f80000,0x0000000788100000)
  to   space 18432K, 0% used [0x000000078bc00000,0x000000078bc00000,0x000000078ce00000)
 ParOldGen       total 192000K, used 32668K [0x00000006c6800000, 0x00000006d2380000, 0x000000076cd80000)
  object space 192000K, 17% used [0x00000006c6800000,0x00000006c87e7398,0x00000006d2380000)
 Metaspace       used 66153K, capacity 67225K, committed 67584K, reserved 1107968K
  class space    used 8872K, capacity 9102K, committed 9216K, reserved 1048576K
GC Heap History (10 events):
Event: 201,520 GC heap before
{Heap before GC invocations=10 (full 2):
 PSYoungGen      total 247808K, used 228352K [0x000000076cd80000, 0x0000000789d80000, 0x00000007c0000000)
  eden space 228352K, 100% used [0x000000076cd80000,0x000000077ac80000,0x000000077ac80000)
  from space 19456K, 0% used [0x000000077ac80000,0x000000077ac80000,0x000000077bf80000)
  to   space 18944K, 0% used [0x0000000788b00000,0x0000000788b00000,0x0000000789d80000)
 ParOldGen       total 139776K, used 25233K [0x00000006c6800000, 0x00000006cf080000, 0x000000076cd80000)
  object space 139776K, 18% used [0x00000006c6800000,0x00000006c80a4780,0x00000006cf080000)
 Metaspace       used 44441K, capacity 44937K, committed 45440K, reserved 1089536K
  class space    used 6071K, capacity 6228K, committed 6272K, reserved 1048576K
Event: 201,548 GC heap after
Heap after GC invocations=10 (full 2):
 PSYoungGen      total 333312K, used 12010K [0x000000076cd80000, 0x0000000789700000, 0x00000007c0000000)
  eden space 321024K, 0% used [0x000000076cd80000,0x000000076cd80000,0x0000000780700000)
  from space 12288K, 97% used [0x0000000788b00000,0x00000007896ba9d8,0x0000000789700000)
  to   space 17920K, 0% used [0x0000000787400000,0x0000000787400000,0x0000000788580000)
 ParOldGen       total 139776K, used 25241K [0x00000006c6800000, 0x00000006cf080000, 0x000000076cd80000)
  object space 139776K, 18% used [0x00000006c6800000,0x00000006c80a6780,0x00000006cf080000)
 Metaspace       used 44441K, capacity 44937K, committed 45440K, reserved 1089536K
  class space    used 6071K, capacity 6228K, committed 6272K, reserved 1048576K
}
Event: 610,910 GC heap before
{Heap before GC invocations=11 (full 2):
 PSYoungGen      total 333312K, used 333034K [0x000000076cd80000, 0x0000000789700000, 0x00000007c0000000)
  eden space 321024K, 100% used [0x000000076cd80000,0x0000000780700000,0x0000000780700000)
  from space 12288K, 97% used [0x0000000788b00000,0x00000007896ba9d8,0x0000000789700000)
  to   space 17920K, 0% used [0x0000000787400000,0x0000000787400000,0x0000000788580000)
 ParOldGen       total 139776K, used 25241K [0x00000006c6800000, 0x00000006cf080000, 0x000000076cd80000)
  object space 139776K, 18% used [0x00000006c6800000,0x00000006c80a6780,0x00000006cf080000)
 Metaspace       used 50019K, capacity 50473K, committed 50944K, reserved 1093632K
  class space    used 6781K, capacity 6883K, committed 6912K, reserved 1048576K
Event: 610,950 GC heap after
Heap after GC invocations=11 (full 2):
 PSYoungGen      total 399872K, used 13195K [0x000000076cd80000, 0x0000000788b80000, 0x00000007c0000000)
  eden space 386560K, 0% used [0x000000076cd80000,0x000000076cd80000,0x0000000784700000)
  from space 13312K, 99% used [0x0000000787400000,0x00000007880e2dd0,0x0000000788100000)
  to   space 10752K, 0% used [0x0000000788100000,0x0000000788100000,0x0000000788b80000)
 ParOldGen       total 139776K, used 25460K [0x00000006c6800000, 0x00000006cf080000, 0x000000076cd80000)
  object space 139776K, 18% used [0x00000006c6800000,0x00000006c80dd270,0x00000006cf080000)
 Metaspace       used 50019K, capacity 50473K, committed 50944K, reserved 1093632K
  class space    used 6781K, capacity 6883K, committed 6912K, reserved 1048576K
}
Event: 651,528 GC heap before
{Heap before GC invocations=12 (full 2):
 PSYoungGen      total 399872K, used 399755K [0x000000076cd80000, 0x0000000788b80000, 0x00000007c0000000)
  eden space 386560K, 100% used [0x000000076cd80000,0x0000000784700000,0x0000000784700000)
  from space 13312K, 99% used [0x0000000787400000,0x00000007880e2dd0,0x0000000788100000)
  to   space 10752K, 0% used [0x0000000788100000,0x0000000788100000,0x0000000788b80000)
 ParOldGen       total 139776K, used 25460K [0x00000006c6800000, 0x00000006cf080000, 0x000000076cd80000)
  object space 139776K, 18% used [0x00000006c6800000,0x00000006c80dd270,0x00000006cf080000)
 Metaspace       used 53928K, capacity 54663K, committed 55040K, reserved 1097728K
  class space    used 7195K, capacity 7369K, committed 7424K, reserved 1048576K
Event: 651,547 GC heap after
Heap after GC invocations=12 (full 2):
 PSYoungGen      total 438784K, used 10732K [0x000000076cd80000, 0x000000078aa00000, 0x00000007c0000000)
  eden space 428032K, 0% used [0x000000076cd80000,0x000000076cd80000,0x0000000786f80000)
  from space 10752K, 99% used [0x0000000788100000,0x0000000788b7b130,0x0000000788b80000)
  to   space 17920K, 0% used [0x0000000786f80000,0x0000000786f80000,0x0000000788100000)
 ParOldGen       total 139776K, used 27954K [0x00000006c6800000, 0x00000006cf080000, 0x000000076cd80000)
  object space 139776K, 19% used [0x00000006c6800000,0x00000006c834c9c0,0x00000006cf080000)
 Metaspace       used 53928K, capacity 54663K, committed 55040K, reserved 1097728K
  class space    used 7195K, capacity 7369K, committed 7424K, reserved 1048576K
}
Event: 727,315 GC heap before
{Heap before GC invocations=13 (full 2):
 PSYoungGen      total 438784K, used 374002K [0x000000076cd80000, 0x000000078aa00000, 0x00000007c0000000)
  eden space 428032K, 84% used [0x000000076cd80000,0x0000000783041818,0x0000000786f80000)
  from space 10752K, 99% used [0x0000000788100000,0x0000000788b7b130,0x0000000788b80000)
  to   space 17920K, 0% used [0x0000000786f80000,0x0000000786f80000,0x0000000788100000)
 ParOldGen       total 139776K, used 27954K [0x00000006c6800000, 0x00000006cf080000, 0x000000076cd80000)
  object space 139776K, 19% used [0x00000006c6800000,0x00000006c834c9c0,0x00000006cf080000)
 Metaspace       used 58039K, capacity 58985K, committed 59096K, reserved 1099776K
  class space    used 7778K, capacity 8026K, committed 8064K, reserved 1048576K
Event: 727,352 GC heap after
Heap after GC invocations=13 (full 2):
 PSYoungGen      total 445952K, used 15487K [0x000000076cd80000, 0x000000078ce00000, 0x00000007c0000000)
  eden space 428032K, 0% used [0x000000076cd80000,0x000000076cd80000,0x0000000786f80000)
  from space 17920K, 86% used [0x0000000786f80000,0x0000000787e9fff8,0x0000000788100000)
  to   space 18432K, 0% used [0x000000078bc00000,0x000000078bc00000,0x000000078ce00000)
 ParOldGen       total 139776K, used 27962K [0x00000006c6800000, 0x00000006cf080000, 0x000000076cd80000)
  object space 139776K, 20% used [0x00000006c6800000,0x00000006c834e9c0,0x00000006cf080000)
 Metaspace       used 58039K, capacity 58985K, committed 59096K, reserved 1099776K
  class space    used 7778K, capacity 8026K, committed 8064K, reserved 1048576K
}
Event: 727,352 GC heap before
{Heap before GC invocations=14 (full 3):
 PSYoungGen      total 445952K, used 15487K [0x000000076cd80000, 0x000000078ce00000, 0x00000007c0000000)
  eden space 428032K, 0% used [0x000000076cd80000,0x000000076cd80000,0x0000000786f80000)
  from space 17920K, 86% used [0x0000000786f80000,0x0000000787e9fff8,0x0000000788100000)
  to   space 18432K, 0% used [0x000000078bc00000,0x000000078bc00000,0x000000078ce00000)
 ParOldGen       total 139776K, used 27962K [0x00000006c6800000, 0x00000006cf080000, 0x000000076cd80000)
  object space 139776K, 20% used [0x00000006c6800000,0x00000006c834e9c0,0x00000006cf080000)
 Metaspace       used 58039K, capacity 58985K, committed 59096K, reserved 1099776K
  class space    used 7778K, capacity 8026K, committed 8064K, reserved 1048576K
Event: 727,663 GC heap after
Heap after GC invocations=14 (full 3):
 PSYoungGen      total 445952K, used 0K [0x000000076cd80000, 0x000000078ce00000, 0x00000007c0000000)
  eden space 428032K, 0% used [0x000000076cd80000,0x000000076cd80000,0x0000000786f80000)
  from space 17920K, 0% used [0x0000000786f80000,0x0000000786f80000,0x0000000788100000)
  to   space 18432K, 0% used [0x000000078bc00000,0x000000078bc00000,0x000000078ce00000)
 ParOldGen       total 192000K, used 32668K [0x00000006c6800000, 0x00000006d2380000, 0x000000076cd80000)
  object space 192000K, 17% used [0x00000006c6800000,0x00000006c87e7398,0x00000006d2380000)
 Metaspace       used 58028K, capacity 58965K, committed 59096K, reserved 1099776K
  class space    used 7777K, capacity 8022K, committed 8064K, reserved 1048576K
}

