# JRE version: Java(TM) SE Runtime Environment (8.0_74-b02) (build 1.8.0_74-b02)
# Java VM: Java HotSpot(TM) 64-Bit Server VM (25.74-b02 mixed mode linux-amd64 compressed oops)
Heap:
 PSYoungGen      total 778752K, used 191544K [0x000000076cd80000, 0x000000079de80000, 0x00000007c0000000)
  eden space 762880K, 23% used [0x000000076cd80000,0x00000007779d4a18,0x000000079b680000)
  from space 15872K, 94% used [0x000000079cf00000,0x000000079ddb98d8,0x000000079de80000)
  to   space 20480K, 0% used [0x000000079b680000,0x000000079b680000,0x000000079ca80000)
 ParOldGen       total 190976K, used 32503K [0x00000006c6800000, 0x00000006d2280000, 0x000000076cd80000)
  object space 190976K, 17% used [0x00000006c6800000,0x00000006c87bdfa0,0x00000006d2280000)
 Metaspace       used 66054K, capacity 67019K, committed 67200K, reserved 1107968K
  class space    used 8855K, capacity 9063K, committed 9088K, reserved 1048576K
GC Heap History (10 events):
Event: 177,911 GC heap before
{Heap before GC invocations=9 (full 2):
 PSYoungGen      total 429568K, used 10240K [0x000000076cd80000, 0x0000000793380000, 0x00000007c0000000)
  eden space 409600K, 0% used [0x000000076cd80000,0x000000076cd80000,0x0000000785d80000)
  from space 19968K, 51% used [0x0000000785d80000,0x0000000786780130,0x0000000787100000)
  to   space 19968K, 0% used [0x0000000792000000,0x0000000792000000,0x0000000793380000)
 ParOldGen       total 113664K, used 17351K [0x00000006c6800000, 0x00000006cd700000, 0x000000076cd80000)
  object space 113664K, 15% used [0x00000006c6800000,0x00000006c78f1ef8,0x00000006cd700000)
 Metaspace       used 34738K, capacity 35209K, committed 35456K, reserved 1079296K
  class space    used 4782K, capacity 4938K, committed 4992K, reserved 1048576K
Event: 178,071 GC heap after
Heap after GC invocations=9 (full 2):
 PSYoungGen      total 429568K, used 0K [0x000000076cd80000, 0x0000000793380000, 0x00000007c0000000)
  eden space 409600K, 0% used [0x000000076cd80000,0x000000076cd80000,0x0000000785d80000)
  from space 19968K, 0% used [0x0000000785d80000,0x0000000785d80000,0x0000000787100000)
  to   space 19968K, 0% used [0x0000000792000000,0x0000000792000000,0x0000000793380000)
 ParOldGen       total 151552K, used 23201K [0x00000006c6800000, 0x00000006cfc00000, 0x000000076cd80000)
  object space 151552K, 15% used [0x00000006c6800000,0x00000006c7ea8780,0x00000006cfc00000)
 Metaspace       used 34738K, capacity 35209K, committed 35456K, reserved 1079296K
  class space    used 4782K, capacity 4938K, committed 4992K, reserved 1048576K
}
Event: 194,977 GC heap before
{Heap before GC invocations=10 (full 2):
 PSYoungGen      total 429568K, used 409600K [0x000000076cd80000, 0x0000000793380000, 0x00000007c0000000)
  eden space 409600K, 100% used [0x000000076cd80000,0x0000000785d80000,0x0000000785d80000)
  from space 19968K, 0% used [0x0000000785d80000,0x0000000785d80000,0x0000000787100000)
  to   space 19968K, 0% used [0x0000000792000000,0x0000000792000000,0x0000000793380000)
 ParOldGen       total 151552K, used 23201K [0x00000006c6800000, 0x00000006cfc00000, 0x000000076cd80000)
  object space 151552K, 15% used [0x00000006c6800000,0x00000006c7ea8780,0x00000006cfc00000)
 Metaspace       used 50476K, capacity 51171K, committed 51584K, reserved 1093632K
  class space    used 6813K, capacity 6994K, committed 7040K, reserved 1048576K
Event: 195,028 GC heap after
Heap after GC invocations=10 (full 2):
 PSYoungGen      total 607232K, used 18618K [0x000000076cd80000, 0x0000000796e80000, 0x00000007c0000000)
  eden space 587264K, 0% used [0x000000076cd80000,0x000000076cd80000,0x0000000790b00000)
  from space 19968K, 93% used [0x0000000792000000,0x000000079322eb88,0x0000000793380000)
  to   space 21504K, 0% used [0x0000000790b00000,0x0000000790b00000,0x0000000792000000)
 ParOldGen       total 151552K, used 23209K [0x00000006c6800000, 0x00000006cfc00000, 0x000000076cd80000)
  object space 151552K, 15% used [0x00000006c6800000,0x00000006c7eaa780,0x00000006cfc00000)
 Metaspace       used 50476K, capacity 51171K, committed 51584K, reserved 1093632K
  class space    used 6813K, capacity 6994K, committed 7040K, reserved 1048576K
}
Event: 208,877 GC heap before
{Heap before GC invocations=11 (full 2):
 PSYoungGen      total 607232K, used 273784K [0x000000076cd80000, 0x0000000796e80000, 0x00000007c0000000)
  eden space 587264K, 43% used [0x000000076cd80000,0x000000077c6af7e8,0x0000000790b00000)
  from space 19968K, 93% used [0x0000000792000000,0x000000079322eb88,0x0000000793380000)
  to   space 21504K, 0% used [0x0000000790b00000,0x0000000790b00000,0x0000000792000000)
 ParOldGen       total 151552K, used 23209K [0x00000006c6800000, 0x00000006cfc00000, 0x000000076cd80000)
  object space 151552K, 15% used [0x00000006c6800000,0x00000006c7eaa780,0x00000006cfc00000)
 Metaspace       used 58271K, capacity 58895K, committed 59096K, reserved 1099776K
  class space    used 7913K, capacity 8052K, committed 8064K, reserved 1048576K
Event: 208,893 GC heap after
Heap after GC invocations=11 (full 2):
 PSYoungGen      total 608768K, used 13905K [0x000000076cd80000, 0x000000079e300000, 0x00000007c0000000)
  eden space 587264K, 0% used [0x000000076cd80000,0x000000076cd80000,0x0000000790b00000)
  from space 21504K, 64% used [0x0000000790b00000,0x0000000791894420,0x0000000792000000)
  to   space 20480K, 0% used [0x000000079cf00000,0x000000079cf00000,0x000000079e300000)
 ParOldGen       total 151552K, used 23217K [0x00000006c6800000, 0x00000006cfc00000, 0x000000076cd80000)
  object space 151552K, 15% used [0x00000006c6800000,0x00000006c7eac780,0x00000006cfc00000)
 Metaspace       used 58271K, capacity 58895K, committed 59096K, reserved 1099776K
  class space    used 7913K, capacity 8052K, committed 8064K, reserved 1048576K
}
Event: 208,893 GC heap before
{Heap before GC invocations=12 (full 3):
 PSYoungGen      total 608768K, used 13905K [0x000000076cd80000, 0x000000079e300000, 0x00000007c0000000)
  eden space 587264K, 0% used [0x000000076cd80000,0x000000076cd80000,0x0000000790b00000)
  from space 21504K, 64% used [0x0000000790b00000,0x0000000791894420,0x0000000792000000)
  to   space 20480K, 0% used [0x000000079cf00000,0x000000079cf00000,0x000000079e300000)
 ParOldGen       total 151552K, used 23217K [0x00000006c6800000, 0x00000006cfc00000, 0x000000076cd80000)
  object space 151552K, 15% used [0x00000006c6800000,0x00000006c7eac780,0x00000006cfc00000)
 Metaspace       used 58271K, capacity 58895K, committed 59096K, reserved 1099776K
  class space    used 7913K, capacity 8052K, committed 8064K, reserved 1048576K
Event: 209,085 GC heap after
Heap after GC invocations=12 (full 3):
 PSYoungGen      total 608768K, used 0K [0x000000076cd80000, 0x000000079e300000, 0x00000007c0000000)
  eden space 587264K, 0% used [0x000000076cd80000,0x000000076cd80000,0x0000000790b00000)
  from space 21504K, 0% used [0x0000000790b00000,0x0000000790b00000,0x0000000792000000)
  to   space 20480K, 0% used [0x000000079cf00000,0x000000079cf00000,0x000000079e300000)
 ParOldGen       total 190976K, used 32495K [0x00000006c6800000, 0x00000006d2280000, 0x000000076cd80000)
  object space 190976K, 17% used [0x00000006c6800000,0x00000006c87bbfa0,0x00000006d2280000)
 Metaspace       used 58271K, capacity 58895K, committed 59096K, reserved 1099776K
  class space    used 7913K, capacity 8052K, committed 8064K, reserved 1048576K
}
Event: 7826,367 GC heap before
{Heap before GC invocations=13 (full 3):
 PSYoungGen      total 608768K, used 587264K [0x000000076cd80000, 0x000000079e300000, 0x00000007c0000000)
  eden space 587264K, 100% used [0x000000076cd80000,0x0000000790b00000,0x0000000790b00000)
  from space 21504K, 0% used [0x0000000790b00000,0x0000000790b00000,0x0000000792000000)
  to   space 20480K, 0% used [0x000000079cf00000,0x000000079cf00000,0x000000079e300000)
 ParOldGen       total 190976K, used 32495K [0x00000006c6800000, 0x00000006d2280000, 0x000000076cd80000)
  object space 190976K, 17% used [0x00000006c6800000,0x00000006c87bbfa0,0x00000006d2280000)
 Metaspace       used 65231K, capacity 66091K, committed 66304K, reserved 1105920K
  class space    used 8752K, capacity 8939K, committed 8960K, reserved 1048576K
Event: 7826,430 GC heap after
Heap after GC invocations=13 (full 3):
 PSYoungGen      total 778752K, used 15078K [0x000000076cd80000, 0x000000079de80000, 0x00000007c0000000)
  eden space 762880K, 0% used [0x000000076cd80000,0x000000076cd80000,0x000000079b680000)
  from space 15872K, 94% used [0x000000079cf00000,0x000000079ddb98d8,0x000000079de80000)
  to   space 20480K, 0% used [0x000000079b680000,0x000000079b680000,0x000000079ca80000)
 ParOldGen       total 190976K, used 32503K [0x00000006c6800000, 0x00000006d2280000, 0x000000076cd80000)
  object space 190976K, 17% used [0x00000006c6800000,0x00000006c87bdfa0,0x00000006d2280000)
 Metaspace       used 65231K, capacity 66091K, committed 66304K, reserved 1105920K
  class space    used 8752K, capacity 8939K, committed 8960K, reserved 1048576K
}

