# JRE version: Java(TM) SE Runtime Environment (8.0_74-b02) (build 1.8.0_74-b02)
# Java VM: Java HotSpot(TM) 64-Bit Server VM (25.74-b02 mixed mode linux-amd64 compressed oops)
Heap:
 PSYoungGen      total 728064K, used 454244K [0x000000076cd80000, 0x000000079ca00000, 0x00000007c0000000)
  eden space 714752K, 61% used [0x000000076cd80000,0x0000000787c96670,0x0000000798780000)
  from space 13312K, 96% used [0x000000079bd00000,0x000000079c982af0,0x000000079ca00000)
  to   space 22016K, 0% used [0x0000000799f00000,0x0000000799f00000,0x000000079b480000)
 ParOldGen       total 131584K, used 23987K [0x00000006c6800000, 0x00000006ce880000, 0x000000076cd80000)
  object space 131584K, 18% used [0x00000006c6800000,0x00000006c7f6cfc0,0x00000006ce880000)
 Metaspace       used 53394K, capacity 54343K, committed 54400K, reserved 1095680K
  class space    used 7099K, capacity 7279K, committed 7296K, reserved 1048576K
GC Heap History (10 events):
Event: 77,959 GC heap before
{Heap before GC invocations=6 (full 1):
 PSYoungGen      total 254464K, used 254165K [0x000000076cd80000, 0x000000077d980000, 0x00000007c0000000)
  eden space 248320K, 100% used [0x000000076cd80000,0x000000077c000000,0x000000077c000000)
  from space 6144K, 95% used [0x000000077d380000,0x000000077d9356a8,0x000000077d980000)
  to   space 10240K, 0% used [0x000000077c580000,0x000000077c580000,0x000000077cf80000)
 ParOldGen       total 102400K, used 21068K [0x00000006c6800000, 0x00000006ccc00000, 0x000000076cd80000)
  object space 102400K, 20% used [0x00000006c6800000,0x00000006c7c933d8,0x00000006ccc00000)
 Metaspace       used 31197K, capacity 31575K, committed 31872K, reserved 1077248K
  class space    used 4351K, capacity 4466K, committed 4480K, reserved 1048576K
Event: 78,002 GC heap after
Heap after GC invocations=6 (full 1):
 PSYoungGen      total 264192K, used 9861K [0x000000076cd80000, 0x000000078c800000, 0x00000007c0000000)
  eden space 253952K, 0% used [0x000000076cd80000,0x000000076cd80000,0x000000077c580000)
  from space 10240K, 96% used [0x000000077c580000,0x000000077cf216c0,0x000000077cf80000)
  to   space 22016K, 0% used [0x000000078b280000,0x000000078b280000,0x000000078c800000)
 ParOldGen       total 102400K, used 21076K [0x00000006c6800000, 0x00000006ccc00000, 0x000000076cd80000)
  object space 102400K, 20% used [0x00000006c6800000,0x00000006c7c953d8,0x00000006ccc00000)
 Metaspace       used 31197K, capacity 31575K, committed 31872K, reserved 1077248K
  class space    used 4351K, capacity 4466K, committed 4480K, reserved 1048576K
}
Event: 82,497 GC heap before
{Heap before GC invocations=7 (full 1):
 PSYoungGen      total 264192K, used 103627K [0x000000076cd80000, 0x000000078c800000, 0x00000007c0000000)
  eden space 253952K, 36% used [0x000000076cd80000,0x0000000772911868,0x000000077c580000)
  from space 10240K, 96% used [0x000000077c580000,0x000000077cf216c0,0x000000077cf80000)
  to   space 22016K, 0% used [0x000000078b280000,0x000000078b280000,0x000000078c800000)
 ParOldGen       total 102400K, used 21076K [0x00000006c6800000, 0x00000006ccc00000, 0x000000076cd80000)
  object space 102400K, 20% used [0x00000006c6800000,0x00000006c7c953d8,0x00000006ccc00000)
 Metaspace       used 34984K, capacity 35305K, committed 35456K, reserved 1079296K
  class space    used 4868K, capacity 4981K, committed 4992K, reserved 1048576K
Event: 82,514 GC heap after
Heap after GC invocations=7 (full 1):
 PSYoungGen      total 497664K, used 11382K [0x000000076cd80000, 0x000000078cc00000, 0x00000007c0000000)
  eden space 475648K, 0% used [0x000000076cd80000,0x000000076cd80000,0x0000000789e00000)
  from space 22016K, 51% used [0x000000078b280000,0x000000078bd9da28,0x000000078c800000)
  to   space 20992K, 0% used [0x0000000789e00000,0x0000000789e00000,0x000000078b280000)
 ParOldGen       total 102400K, used 21084K [0x00000006c6800000, 0x00000006ccc00000, 0x000000076cd80000)
  object space 102400K, 20% used [0x00000006c6800000,0x00000006c7c973d8,0x00000006ccc00000)
 Metaspace       used 34984K, capacity 35305K, committed 35456K, reserved 1079296K
  class space    used 4868K, capacity 4981K, committed 4992K, reserved 1048576K
}
Event: 82,514 GC heap before
{Heap before GC invocations=8 (full 2):
 PSYoungGen      total 497664K, used 11382K [0x000000076cd80000, 0x000000078cc00000, 0x00000007c0000000)
  eden space 475648K, 0% used [0x000000076cd80000,0x000000076cd80000,0x0000000789e00000)
  from space 22016K, 51% used [0x000000078b280000,0x000000078bd9da28,0x000000078c800000)
  to   space 20992K, 0% used [0x0000000789e00000,0x0000000789e00000,0x000000078b280000)
 ParOldGen       total 102400K, used 21084K [0x00000006c6800000, 0x00000006ccc00000, 0x000000076cd80000)
  object space 102400K, 20% used [0x00000006c6800000,0x00000006c7c973d8,0x00000006ccc00000)
 Metaspace       used 34984K, capacity 35305K, committed 35456K, reserved 1079296K
  class space    used 4868K, capacity 4981K, committed 4992K, reserved 1048576K
Event: 82,685 GC heap after
Heap after GC invocations=8 (full 2):
 PSYoungGen      total 497664K, used 0K [0x000000076cd80000, 0x000000078cc00000, 0x00000007c0000000)
  eden space 475648K, 0% used [0x000000076cd80000,0x000000076cd80000,0x0000000789e00000)
  from space 22016K, 0% used [0x000000078b280000,0x000000078b280000,0x000000078c800000)
  to   space 20992K, 0% used [0x0000000789e00000,0x0000000789e00000,0x000000078b280000)
 ParOldGen       total 131584K, used 23971K [0x00000006c6800000, 0x00000006ce880000, 0x000000076cd80000)
  object space 131584K, 18% used [0x00000006c6800000,0x00000006c7f68fc0,0x00000006ce880000)
 Metaspace       used 34984K, capacity 35305K, committed 35456K, reserved 1079296K
  class space    used 4868K, capacity 4981K, committed 4992K, reserved 1048576K
}
Event: 476,840 GC heap before
{Heap before GC invocations=9 (full 2):
 PSYoungGen      total 497664K, used 475648K [0x000000076cd80000, 0x000000078cc00000, 0x00000007c0000000)
  eden space 475648K, 100% used [0x000000076cd80000,0x0000000789e00000,0x0000000789e00000)
  from space 22016K, 0% used [0x000000078b280000,0x000000078b280000,0x000000078c800000)
  to   space 20992K, 0% used [0x0000000789e00000,0x0000000789e00000,0x000000078b280000)
 ParOldGen       total 131584K, used 23971K [0x00000006c6800000, 0x00000006ce880000, 0x000000076cd80000)
  object space 131584K, 18% used [0x00000006c6800000,0x00000006c7f68fc0,0x00000006ce880000)
 Metaspace       used 49746K, capacity 50189K, committed 50432K, reserved 1093632K
  class space    used 6776K, capacity 6878K, committed 6912K, reserved 1048576K
Event: 476,880 GC heap after
Heap after GC invocations=9 (full 2):
 PSYoungGen      total 496640K, used 18882K [0x000000076cd80000, 0x000000079d380000, 0x00000007c0000000)
  eden space 475648K, 0% used [0x000000076cd80000,0x000000076cd80000,0x0000000789e00000)
  from space 20992K, 89% used [0x0000000789e00000,0x000000078b070998,0x000000078b280000)
  to   space 23040K, 0% used [0x000000079bd00000,0x000000079bd00000,0x000000079d380000)
 ParOldGen       total 131584K, used 23979K [0x00000006c6800000, 0x00000006ce880000, 0x000000076cd80000)
  object space 131584K, 18% used [0x00000006c6800000,0x00000006c7f6afc0,0x00000006ce880000)
 Metaspace       used 49746K, capacity 50189K, committed 50432K, reserved 1093632K
  class space    used 6776K, capacity 6878K, committed 6912K, reserved 1048576K
}
Event: 525,809 GC heap before
{Heap before GC invocations=10 (full 2):
 PSYoungGen      total 496640K, used 494530K [0x000000076cd80000, 0x000000079d380000, 0x00000007c0000000)
  eden space 475648K, 100% used [0x000000076cd80000,0x0000000789e00000,0x0000000789e00000)
  from space 20992K, 89% used [0x0000000789e00000,0x000000078b070998,0x000000078b280000)
  to   space 23040K, 0% used [0x000000079bd00000,0x000000079bd00000,0x000000079d380000)
 ParOldGen       total 131584K, used 23979K [0x00000006c6800000, 0x00000006ce880000, 0x000000076cd80000)
  object space 131584K, 18% used [0x00000006c6800000,0x00000006c7f6afc0,0x00000006ce880000)
 Metaspace       used 51853K, capacity 52593K, committed 52992K, reserved 1095680K
  class space    used 6944K, capacity 7066K, committed 7168K, reserved 1048576K
Event: 525,839 GC heap after
Heap after GC invocations=10 (full 2):
 PSYoungGen      total 728064K, used 12810K [0x000000076cd80000, 0x000000079ca00000, 0x00000007c0000000)
  eden space 714752K, 0% used [0x000000076cd80000,0x000000076cd80000,0x0000000798780000)
  from space 13312K, 96% used [0x000000079bd00000,0x000000079c982af0,0x000000079ca00000)
  to   space 22016K, 0% used [0x0000000799f00000,0x0000000799f00000,0x000000079b480000)
 ParOldGen       total 131584K, used 23987K [0x00000006c6800000, 0x00000006ce880000, 0x000000076cd80000)
  object space 131584K, 18% used [0x00000006c6800000,0x00000006c7f6cfc0,0x00000006ce880000)
 Metaspace       used 51853K, capacity 52593K, committed 52992K, reserved 1095680K
  class space    used 6944K, capacity 7066K, committed 7168K, reserved 1048576K
}

